mode: set
chainmaker.org/chainmaker-go/module/core/cache/ledger_cache.go:31.58,35.2 1 1
chainmaker.org/chainmaker-go/module/core/cache/ledger_cache.go:38.64,42.2 3 1
chainmaker.org/chainmaker-go/module/core/cache/ledger_cache.go:45.65,49.2 3 1
chainmaker.org/chainmaker-go/module/core/cache/ledger_cache.go:52.56,55.34 3 1
chainmaker.org/chainmaker-go/module/core/cache/ledger_cache.go:58.2,58.54 1 1
chainmaker.org/chainmaker-go/module/core/cache/ledger_cache.go:55.34,57.3 1 0
chainmaker.org/chainmaker-go/module/core/cache/proposal_cache.go:56.49,65.2 2 1
chainmaker.org/chainmaker-go/module/core/cache/proposal_cache.go:68.62,72.39 4 1
chainmaker.org/chainmaker-go/module/core/cache/proposal_cache.go:72.39,74.3 1 1
chainmaker.org/chainmaker-go/module/core/cache/proposal_cache.go:80.87,81.33 1 0
chainmaker.org/chainmaker-go/module/core/cache/proposal_cache.go:84.2,91.80 5 0
chainmaker.org/chainmaker-go/module/core/cache/proposal_cache.go:94.2,94.22 1 0
chainmaker.org/chainmaker-go/module/core/cache/proposal_cache.go:81.33,83.3 1 0
chainmaker.org/chainmaker-go/module/core/cache/proposal_cache.go:91.80,93.3 1 0
chainmaker.org/chainmaker-go/module/core/cache/proposal_cache.go:101.79,105.60 3 1
chainmaker.org/chainmaker-go/module/core/cache/proposal_cache.go:112.2,112.12 1 1
chainmaker.org/chainmaker-go/module/core/cache/proposal_cache.go:105.60,107.48 2 1
chainmaker.org/chainmaker-go/module/core/cache/proposal_cache.go:110.3,110.16 1 1
chainmaker.org/chainmaker-go/module/core/cache/proposal_cache.go:107.48,109.4 1 1
chainmaker.org/chainmaker-go/module/core/cache/proposal_cache.go:118.49,119.17 1 1
chainmaker.org/chainmaker-go/module/core/cache/proposal_cache.go:123.2,126.60 3 1
chainmaker.org/chainmaker-go/module/core/cache/proposal_cache.go:133.2,133.17 1 1
chainmaker.org/chainmaker-go/module/core/cache/proposal_cache.go:119.17,121.3 1 0
chainmaker.org/chainmaker-go/module/core/cache/proposal_cache.go:126.60,127.48 1 1
chainmaker.org/chainmaker-go/module/core/cache/proposal_cache.go:127.48,128.63 1 1
chainmaker.org/chainmaker-go/module/core/cache/proposal_cache.go:128.63,130.5 1 1
chainmaker.org/chainmaker-go/module/core/cache/proposal_cache.go:138.81,139.33 1 1
chainmaker.org/chainmaker-go/module/core/cache/proposal_cache.go:142.2,144.16 3 1
chainmaker.org/chainmaker-go/module/core/cache/proposal_cache.go:147.2,147.58 1 1
chainmaker.org/chainmaker-go/module/core/cache/proposal_cache.go:152.2,162.48 5 1
chainmaker.org/chainmaker-go/module/core/cache/proposal_cache.go:166.2,168.39 2 1
chainmaker.org/chainmaker-go/module/core/cache/proposal_cache.go:174.2,174.12 1 1
chainmaker.org/chainmaker-go/module/core/cache/proposal_cache.go:139.33,141.3 1 0
chainmaker.org/chainmaker-go/module/core/cache/proposal_cache.go:144.16,146.3 1 0
chainmaker.org/chainmaker-go/module/core/cache/proposal_cache.go:147.58,150.3 1 0
chainmaker.org/chainmaker-go/module/core/cache/proposal_cache.go:162.48,164.3 1 1
chainmaker.org/chainmaker-go/module/core/cache/proposal_cache.go:168.39,172.3 1 1
chainmaker.org/chainmaker-go/module/core/cache/proposal_cache.go:178.63,182.78 3 0
chainmaker.org/chainmaker-go/module/core/cache/proposal_cache.go:182.78,187.40 3 0
chainmaker.org/chainmaker-go/module/core/cache/proposal_cache.go:187.40,191.4 1 0
chainmaker.org/chainmaker-go/module/core/cache/proposal_cache.go:196.80,199.60 3 1
chainmaker.org/chainmaker-go/module/core/cache/proposal_cache.go:207.2,207.12 1 1
chainmaker.org/chainmaker-go/module/core/cache/proposal_cache.go:199.60,200.48 1 1
chainmaker.org/chainmaker-go/module/core/cache/proposal_cache.go:200.48,201.36 1 1
chainmaker.org/chainmaker-go/module/core/cache/proposal_cache.go:201.36,204.5 1 1
chainmaker.org/chainmaker-go/module/core/cache/proposal_cache.go:211.65,217.2 4 1
chainmaker.org/chainmaker-go/module/core/cache/proposal_cache.go:220.59,223.60 3 1
chainmaker.org/chainmaker-go/module/core/cache/proposal_cache.go:230.2,230.14 1 1
chainmaker.org/chainmaker-go/module/core/cache/proposal_cache.go:223.60,224.48 1 1
chainmaker.org/chainmaker-go/module/core/cache/proposal_cache.go:224.48,225.74 1 1
chainmaker.org/chainmaker-go/module/core/cache/proposal_cache.go:225.74,227.5 1 1
chainmaker.org/chainmaker-go/module/core/cache/proposal_cache.go:234.55,237.60 3 1
chainmaker.org/chainmaker-go/module/core/cache/proposal_cache.go:237.60,238.48 1 1
chainmaker.org/chainmaker-go/module/core/cache/proposal_cache.go:238.48,239.36 1 1
chainmaker.org/chainmaker-go/module/core/cache/proposal_cache.go:239.36,242.5 2 1
chainmaker.org/chainmaker-go/module/core/cache/proposal_cache.go:248.57,251.60 3 1
chainmaker.org/chainmaker-go/module/core/cache/proposal_cache.go:251.60,252.48 1 1
chainmaker.org/chainmaker-go/module/core/cache/proposal_cache.go:252.48,253.36 1 1
chainmaker.org/chainmaker-go/module/core/cache/proposal_cache.go:253.36,256.5 2 1
chainmaker.org/chainmaker-go/module/core/cache/proposal_cache.go:262.90,266.60 4 1
chainmaker.org/chainmaker-go/module/core/cache/proposal_cache.go:282.2,282.15 1 1
chainmaker.org/chainmaker-go/module/core/cache/proposal_cache.go:266.60,267.48 1 1
chainmaker.org/chainmaker-go/module/core/cache/proposal_cache.go:267.48,268.64 1 1
chainmaker.org/chainmaker-go/module/core/cache/proposal_cache.go:268.64,274.42 4 1
chainmaker.org/chainmaker-go/module/core/cache/proposal_cache.go:274.42,278.6 1 1
chainmaker.org/chainmaker-go/module/core/cache/proposal_cache.go:286.77,290.49 4 0
chainmaker.org/chainmaker-go/module/core/cache/proposal_cache.go:306.2,306.18 1 0
chainmaker.org/chainmaker-go/module/core/cache/proposal_cache.go:290.49,291.27 1 0
chainmaker.org/chainmaker-go/module/core/cache/proposal_cache.go:294.3,296.40 2 0
chainmaker.org/chainmaker-go/module/core/cache/proposal_cache.go:302.3,302.32 1 0
chainmaker.org/chainmaker-go/module/core/cache/proposal_cache.go:291.27,292.12 1 0
chainmaker.org/chainmaker-go/module/core/cache/proposal_cache.go:296.40,300.4 1 0
chainmaker.org/chainmaker-go/module/core/cache/proposal_cache.go:302.32,304.4 1 0
chainmaker.org/chainmaker-go/module/core/cache/proposal_cache.go:310.47,312.62 1 1
chainmaker.org/chainmaker-go/module/core/cache/proposal_cache.go:316.2,316.47 1 1
chainmaker.org/chainmaker-go/module/core/cache/proposal_cache.go:312.62,314.3 1 0
chainmaker.org/chainmaker-go/module/core/maxbftmode/verifier/block_verifier_impl.go:113.104,155.54 4 0
chainmaker.org/chainmaker-go/module/core/maxbftmode/verifier/block_verifier_impl.go:160.2,160.15 1 0
chainmaker.org/chainmaker-go/module/core/maxbftmode/verifier/block_verifier_impl.go:155.54,158.3 1 0
chainmaker.org/chainmaker-go/module/core/maxbftmode/verifier/block_verifier_impl.go:164.102,167.2 2 1
chainmaker.org/chainmaker-go/module/core/maxbftmode/verifier/block_verifier_impl.go:175.74,177.2 1 0
chainmaker.org/chainmaker-go/module/core/maxbftmode/verifier/block_verifier_impl.go:181.47,183.49 2 1
chainmaker.org/chainmaker-go/module/core/maxbftmode/verifier/block_verifier_impl.go:188.2,191.60 2 1
chainmaker.org/chainmaker-go/module/core/maxbftmode/verifier/block_verifier_impl.go:195.2,199.14 3 1
chainmaker.org/chainmaker-go/module/core/maxbftmode/verifier/block_verifier_impl.go:202.2,206.16 3 1
chainmaker.org/chainmaker-go/module/core/maxbftmode/verifier/block_verifier_impl.go:210.2,212.16 3 1
chainmaker.org/chainmaker-go/module/core/maxbftmode/verifier/block_verifier_impl.go:215.2,220.16 4 1
chainmaker.org/chainmaker-go/module/core/maxbftmode/verifier/block_verifier_impl.go:241.2,242.55 2 1
chainmaker.org/chainmaker-go/module/core/maxbftmode/verifier/block_verifier_impl.go:249.2,250.34 2 1
chainmaker.org/chainmaker-go/module/core/maxbftmode/verifier/block_verifier_impl.go:257.2,262.103 3 1
chainmaker.org/chainmaker-go/module/core/maxbftmode/verifier/block_verifier_impl.go:267.2,267.43 1 1
chainmaker.org/chainmaker-go/module/core/maxbftmode/verifier/block_verifier_impl.go:274.2,274.39 1 1
chainmaker.org/chainmaker-go/module/core/maxbftmode/verifier/block_verifier_impl.go:278.2,285.54 3 1
chainmaker.org/chainmaker-go/module/core/maxbftmode/verifier/block_verifier_impl.go:289.2,289.26 1 1
chainmaker.org/chainmaker-go/module/core/maxbftmode/verifier/block_verifier_impl.go:183.49,186.3 2 0
chainmaker.org/chainmaker-go/module/core/maxbftmode/verifier/block_verifier_impl.go:191.60,194.3 2 0
chainmaker.org/chainmaker-go/module/core/maxbftmode/verifier/block_verifier_impl.go:199.14,201.3 1 0
chainmaker.org/chainmaker-go/module/core/maxbftmode/verifier/block_verifier_impl.go:206.16,208.3 1 0
chainmaker.org/chainmaker-go/module/core/maxbftmode/verifier/block_verifier_impl.go:212.16,214.3 1 0
chainmaker.org/chainmaker-go/module/core/maxbftmode/verifier/block_verifier_impl.go:220.16,225.40 2 0
chainmaker.org/chainmaker-go/module/core/maxbftmode/verifier/block_verifier_impl.go:235.3,235.83 1 0
chainmaker.org/chainmaker-go/module/core/maxbftmode/verifier/block_verifier_impl.go:238.3,238.27 1 0
chainmaker.org/chainmaker-go/module/core/maxbftmode/verifier/block_verifier_impl.go:225.40,226.37 1 0
chainmaker.org/chainmaker-go/module/core/maxbftmode/verifier/block_verifier_impl.go:230.4,231.55 2 0
chainmaker.org/chainmaker-go/module/core/maxbftmode/verifier/block_verifier_impl.go:226.37,229.5 1 0
chainmaker.org/chainmaker-go/module/core/maxbftmode/verifier/block_verifier_impl.go:235.83,237.4 1 0
chainmaker.org/chainmaker-go/module/core/maxbftmode/verifier/block_verifier_impl.go:242.55,243.77 1 0
chainmaker.org/chainmaker-go/module/core/maxbftmode/verifier/block_verifier_impl.go:243.77,245.4 1 0
chainmaker.org/chainmaker-go/module/core/maxbftmode/verifier/block_verifier_impl.go:250.34,251.50 1 0
chainmaker.org/chainmaker-go/module/core/maxbftmode/verifier/block_verifier_impl.go:251.50,255.4 2 0
chainmaker.org/chainmaker-go/module/core/maxbftmode/verifier/block_verifier_impl.go:262.103,264.3 1 0
chainmaker.org/chainmaker-go/module/core/maxbftmode/verifier/block_verifier_impl.go:267.43,269.3 1 0
chainmaker.org/chainmaker-go/module/core/maxbftmode/verifier/block_verifier_impl.go:269.8,271.3 1 1
chainmaker.org/chainmaker-go/module/core/maxbftmode/verifier/block_verifier_impl.go:274.39,277.3 2 1
chainmaker.org/chainmaker-go/module/core/maxbftmode/verifier/block_verifier_impl.go:285.54,287.3 1 0
chainmaker.org/chainmaker-go/module/core/maxbftmode/verifier/block_verifier_impl.go:294.68,297.49 2 1
chainmaker.org/chainmaker-go/module/core/maxbftmode/verifier/block_verifier_impl.go:305.2,308.60 2 1
chainmaker.org/chainmaker-go/module/core/maxbftmode/verifier/block_verifier_impl.go:312.2,315.14 3 1
chainmaker.org/chainmaker-go/module/core/maxbftmode/verifier/block_verifier_impl.go:319.2,320.33 2 1
chainmaker.org/chainmaker-go/module/core/maxbftmode/verifier/block_verifier_impl.go:327.2,328.16 2 1
chainmaker.org/chainmaker-go/module/core/maxbftmode/verifier/block_verifier_impl.go:332.2,334.16 3 1
chainmaker.org/chainmaker-go/module/core/maxbftmode/verifier/block_verifier_impl.go:337.2,339.16 3 1
chainmaker.org/chainmaker-go/module/core/maxbftmode/verifier/block_verifier_impl.go:359.2,360.34 2 1
chainmaker.org/chainmaker-go/module/core/maxbftmode/verifier/block_verifier_impl.go:367.2,372.103 3 1
chainmaker.org/chainmaker-go/module/core/maxbftmode/verifier/block_verifier_impl.go:375.2,379.43 3 1
chainmaker.org/chainmaker-go/module/core/maxbftmode/verifier/block_verifier_impl.go:386.2,386.39 1 1
chainmaker.org/chainmaker-go/module/core/maxbftmode/verifier/block_verifier_impl.go:389.2,396.54 3 1
chainmaker.org/chainmaker-go/module/core/maxbftmode/verifier/block_verifier_impl.go:399.2,399.12 1 1
chainmaker.org/chainmaker-go/module/core/maxbftmode/verifier/block_verifier_impl.go:297.49,303.3 3 0
chainmaker.org/chainmaker-go/module/core/maxbftmode/verifier/block_verifier_impl.go:308.60,311.3 2 0
chainmaker.org/chainmaker-go/module/core/maxbftmode/verifier/block_verifier_impl.go:315.14,317.3 1 0
chainmaker.org/chainmaker-go/module/core/maxbftmode/verifier/block_verifier_impl.go:320.33,321.21 1 1
chainmaker.org/chainmaker-go/module/core/maxbftmode/verifier/block_verifier_impl.go:321.21,323.4 1 1
chainmaker.org/chainmaker-go/module/core/maxbftmode/verifier/block_verifier_impl.go:328.16,330.3 1 0
chainmaker.org/chainmaker-go/module/core/maxbftmode/verifier/block_verifier_impl.go:334.16,336.3 1 0
chainmaker.org/chainmaker-go/module/core/maxbftmode/verifier/block_verifier_impl.go:339.16,343.40 2 0
chainmaker.org/chainmaker-go/module/core/maxbftmode/verifier/block_verifier_impl.go:352.3,352.83 1 0
chainmaker.org/chainmaker-go/module/core/maxbftmode/verifier/block_verifier_impl.go:355.3,355.13 1 0
chainmaker.org/chainmaker-go/module/core/maxbftmode/verifier/block_verifier_impl.go:343.40,344.37 1 0
chainmaker.org/chainmaker-go/module/core/maxbftmode/verifier/block_verifier_impl.go:348.4,348.108 1 0
chainmaker.org/chainmaker-go/module/core/maxbftmode/verifier/block_verifier_impl.go:344.37,347.5 1 0
chainmaker.org/chainmaker-go/module/core/maxbftmode/verifier/block_verifier_impl.go:352.83,354.4 1 0
chainmaker.org/chainmaker-go/module/core/maxbftmode/verifier/block_verifier_impl.go:360.34,361.50 1 0
chainmaker.org/chainmaker-go/module/core/maxbftmode/verifier/block_verifier_impl.go:361.50,365.4 2 0
chainmaker.org/chainmaker-go/module/core/maxbftmode/verifier/block_verifier_impl.go:372.103,374.3 1 0
chainmaker.org/chainmaker-go/module/core/maxbftmode/verifier/block_verifier_impl.go:379.43,381.3 1 0
chainmaker.org/chainmaker-go/module/core/maxbftmode/verifier/block_verifier_impl.go:381.8,383.3 1 1
chainmaker.org/chainmaker-go/module/core/maxbftmode/verifier/block_verifier_impl.go:386.39,388.3 1 1
chainmaker.org/chainmaker-go/module/core/maxbftmode/verifier/block_verifier_impl.go:396.54,398.3 1 0
chainmaker.org/chainmaker-go/module/core/maxbftmode/verifier/block_verifier_impl.go:403.45,405.2 1 0
chainmaker.org/chainmaker-go/module/core/maxbftmode/verifier/block_verifier_impl.go:408.83,411.44 3 0
chainmaker.org/chainmaker-go/module/core/maxbftmode/verifier/block_verifier_impl.go:414.2,415.12 2 0
chainmaker.org/chainmaker-go/module/core/maxbftmode/verifier/block_verifier_impl.go:411.44,413.3 1 0
chainmaker.org/chainmaker-go/module/core/maxbftmode/verifier/block_verifier_impl.go:421.92,428.55 5 1
chainmaker.org/chainmaker-go/module/core/maxbftmode/verifier/block_verifier_impl.go:434.2,434.39 1 1
chainmaker.org/chainmaker-go/module/core/maxbftmode/verifier/block_verifier_impl.go:438.2,438.52 1 1
chainmaker.org/chainmaker-go/module/core/maxbftmode/verifier/block_verifier_impl.go:443.2,447.16 4 1
chainmaker.org/chainmaker-go/module/core/maxbftmode/verifier/block_verifier_impl.go:452.2,452.83 1 1
chainmaker.org/chainmaker-go/module/core/maxbftmode/verifier/block_verifier_impl.go:428.55,430.3 1 0
chainmaker.org/chainmaker-go/module/core/maxbftmode/verifier/block_verifier_impl.go:430.8,432.3 1 1
chainmaker.org/chainmaker-go/module/core/maxbftmode/verifier/block_verifier_impl.go:434.39,436.3 1 0
chainmaker.org/chainmaker-go/module/core/maxbftmode/verifier/block_verifier_impl.go:438.52,440.3 1 0
chainmaker.org/chainmaker-go/module/core/maxbftmode/verifier/block_verifier_impl.go:447.16,449.3 1 0
chainmaker.org/chainmaker-go/module/core/maxbftmode/verifier/block_verifier_impl.go:458.92,463.39 5 1
chainmaker.org/chainmaker-go/module/core/maxbftmode/verifier/block_verifier_impl.go:467.2,467.52 1 1
chainmaker.org/chainmaker-go/module/core/maxbftmode/verifier/block_verifier_impl.go:472.2,476.16 4 1
chainmaker.org/chainmaker-go/module/core/maxbftmode/verifier/block_verifier_impl.go:481.2,481.105 1 1
chainmaker.org/chainmaker-go/module/core/maxbftmode/verifier/block_verifier_impl.go:463.39,465.3 1 0
chainmaker.org/chainmaker-go/module/core/maxbftmode/verifier/block_verifier_impl.go:467.52,469.3 1 0
chainmaker.org/chainmaker-go/module/core/maxbftmode/verifier/block_verifier_impl.go:476.16,478.3 1 0
chainmaker.org/chainmaker-go/module/core/maxbftmode/verifier/block_verifier_impl.go:486.53,488.64 1 1
chainmaker.org/chainmaker-go/module/core/maxbftmode/verifier/block_verifier_impl.go:506.2,506.12 1 1
chainmaker.org/chainmaker-go/module/core/maxbftmode/verifier/block_verifier_impl.go:488.64,489.81 1 1
chainmaker.org/chainmaker-go/module/core/maxbftmode/verifier/block_verifier_impl.go:489.81,491.4 1 0
chainmaker.org/chainmaker-go/module/core/maxbftmode/verifier/block_verifier_impl.go:492.8,496.27 2 0
chainmaker.org/chainmaker-go/module/core/maxbftmode/verifier/block_verifier_impl.go:496.27,503.4 1 0
chainmaker.org/chainmaker-go/module/core/maxbftmode/verifier/block_verifier_impl.go:510.72,512.2 1 0
chainmaker.org/chainmaker-go/module/core/maxbftmode/verifier/block_verifier_impl.go:519.74,524.13 2 1
chainmaker.org/chainmaker-go/module/core/maxbftmode/verifier/block_verifier_impl.go:538.2,538.21 1 1
chainmaker.org/chainmaker-go/module/core/maxbftmode/verifier/block_verifier_impl.go:524.13,527.3 2 1
chainmaker.org/chainmaker-go/module/core/maxbftmode/verifier/block_verifier_impl.go:527.8,531.32 3 0
chainmaker.org/chainmaker-go/module/core/maxbftmode/verifier/block_verifier_impl.go:531.32,536.4 1 0
chainmaker.org/chainmaker-go/module/core/maxbftmode/verifier/block_verifier_impl.go:542.99,544.43 1 0
chainmaker.org/chainmaker-go/module/core/maxbftmode/verifier/block_verifier_impl.go:552.2,555.37 3 0
chainmaker.org/chainmaker-go/module/core/maxbftmode/verifier/block_verifier_impl.go:559.2,559.41 1 0
chainmaker.org/chainmaker-go/module/core/maxbftmode/verifier/block_verifier_impl.go:571.2,571.21 1 0
chainmaker.org/chainmaker-go/module/core/maxbftmode/verifier/block_verifier_impl.go:544.43,546.17 2 0
chainmaker.org/chainmaker-go/module/core/maxbftmode/verifier/block_verifier_impl.go:549.3,549.9 1 0
chainmaker.org/chainmaker-go/module/core/maxbftmode/verifier/block_verifier_impl.go:546.17,548.4 1 0
chainmaker.org/chainmaker-go/module/core/maxbftmode/verifier/block_verifier_impl.go:555.37,557.3 1 0
chainmaker.org/chainmaker-go/module/core/maxbftmode/verifier/block_verifier_impl.go:559.41,561.42 2 0
chainmaker.org/chainmaker-go/module/core/maxbftmode/verifier/block_verifier_impl.go:561.42,562.48 1 0
chainmaker.org/chainmaker-go/module/core/maxbftmode/verifier/block_verifier_impl.go:566.4,567.36 2 0
chainmaker.org/chainmaker-go/module/core/maxbftmode/verifier/block_verifier_impl.go:562.48,564.13 1 0
chainmaker.org/chainmaker-go/module/core/maxbftmode/verifier/block_verifier_impl.go:571.21,573.3 1 0
chainmaker.org/chainmaker-go/module/core/maxbftmode/verifier/block_verifier_impl.go:576.117,580.16 3 0
chainmaker.org/chainmaker-go/module/core/maxbftmode/verifier/block_verifier_impl.go:586.2,586.35 1 0
chainmaker.org/chainmaker-go/module/core/maxbftmode/verifier/block_verifier_impl.go:590.2,591.41 2 0
chainmaker.org/chainmaker-go/module/core/maxbftmode/verifier/block_verifier_impl.go:609.2,609.31 1 0
chainmaker.org/chainmaker-go/module/core/maxbftmode/verifier/block_verifier_impl.go:613.2,613.12 1 0
chainmaker.org/chainmaker-go/module/core/maxbftmode/verifier/block_verifier_impl.go:580.16,584.3 2 0
chainmaker.org/chainmaker-go/module/core/maxbftmode/verifier/block_verifier_impl.go:586.35,588.3 1 0
chainmaker.org/chainmaker-go/module/core/maxbftmode/verifier/block_verifier_impl.go:591.41,594.17 3 0
chainmaker.org/chainmaker-go/module/core/maxbftmode/verifier/block_verifier_impl.go:599.3,599.42 1 0
chainmaker.org/chainmaker-go/module/core/maxbftmode/verifier/block_verifier_impl.go:594.17,597.12 2 0
chainmaker.org/chainmaker-go/module/core/maxbftmode/verifier/block_verifier_impl.go:599.42,600.48 1 0
chainmaker.org/chainmaker-go/module/core/maxbftmode/verifier/block_verifier_impl.go:604.4,605.59 2 0
chainmaker.org/chainmaker-go/module/core/maxbftmode/verifier/block_verifier_impl.go:600.48,602.13 1 0
chainmaker.org/chainmaker-go/module/core/maxbftmode/verifier/block_verifier_impl.go:609.31,611.3 1 0
chainmaker.org/chainmaker-go/module/core/maxbftmode/verifier/block_verifier_impl.go:618.78,620.14 2 1
chainmaker.org/chainmaker-go/module/core/maxbftmode/verifier/block_verifier_impl.go:623.2,624.55 1 1
chainmaker.org/chainmaker-go/module/core/maxbftmode/verifier/block_verifier_impl.go:655.2,655.19 1 1
chainmaker.org/chainmaker-go/module/core/maxbftmode/verifier/block_verifier_impl.go:620.14,622.3 1 1
chainmaker.org/chainmaker-go/module/core/maxbftmode/verifier/block_verifier_impl.go:624.55,628.40 3 1
chainmaker.org/chainmaker-go/module/core/maxbftmode/verifier/block_verifier_impl.go:633.3,635.23 2 1
chainmaker.org/chainmaker-go/module/core/maxbftmode/verifier/block_verifier_impl.go:643.3,644.25 2 1
chainmaker.org/chainmaker-go/module/core/maxbftmode/verifier/block_verifier_impl.go:653.3,653.22 1 1
chainmaker.org/chainmaker-go/module/core/maxbftmode/verifier/block_verifier_impl.go:628.40,632.4 2 1
chainmaker.org/chainmaker-go/module/core/maxbftmode/verifier/block_verifier_impl.go:635.23,642.4 2 1
chainmaker.org/chainmaker-go/module/core/maxbftmode/verifier/block_verifier_impl.go:644.25,651.4 2 0
chainmaker.org/chainmaker-go/module/core/syncmode/core_syncmode_impl.go:69.68,110.16 8 1
chainmaker.org/chainmaker-go/module/core/syncmode/core_syncmode_impl.go:115.2,133.16 3 1
chainmaker.org/chainmaker-go/module/core/syncmode/core_syncmode_impl.go:138.2,154.16 3 1
chainmaker.org/chainmaker-go/module/core/syncmode/core_syncmode_impl.go:159.2,159.75 1 1
chainmaker.org/chainmaker-go/module/core/syncmode/core_syncmode_impl.go:164.2,164.18 1 1
chainmaker.org/chainmaker-go/module/core/syncmode/core_syncmode_impl.go:110.16,112.3 1 0
chainmaker.org/chainmaker-go/module/core/syncmode/core_syncmode_impl.go:133.16,135.3 1 0
chainmaker.org/chainmaker-go/module/core/syncmode/core_syncmode_impl.go:154.16,156.3 1 0
chainmaker.org/chainmaker-go/module/core/syncmode/core_syncmode_impl.go:159.75,162.3 2 0
chainmaker.org/chainmaker-go/module/core/syncmode/core_syncmode_impl.go:168.31,170.2 1 1
chainmaker.org/chainmaker-go/module/core/syncmode/core_syncmode_impl.go:173.57,180.23 1 1
chainmaker.org/chainmaker-go/module/core/syncmode/core_syncmode_impl.go:181.27,182.54 1 1
chainmaker.org/chainmaker-go/module/core/syncmode/core_syncmode_impl.go:185.26,186.13 1 1
chainmaker.org/chainmaker-go/module/core/syncmode/core_syncmode_impl.go:191.26,192.13 1 1
chainmaker.org/chainmaker-go/module/core/syncmode/core_syncmode_impl.go:202.27,203.65 1 1
chainmaker.org/chainmaker-go/module/core/syncmode/core_syncmode_impl.go:206.33,207.74 1 0
chainmaker.org/chainmaker-go/module/core/syncmode/core_syncmode_impl.go:182.54,184.4 1 0
chainmaker.org/chainmaker-go/module/core/syncmode/core_syncmode_impl.go:186.13,187.58 1 1
chainmaker.org/chainmaker-go/module/core/syncmode/core_syncmode_impl.go:187.58,189.5 1 0
chainmaker.org/chainmaker-go/module/core/syncmode/core_syncmode_impl.go:192.13,193.58 1 1
chainmaker.org/chainmaker-go/module/core/syncmode/core_syncmode_impl.go:193.58,194.60 1 0
chainmaker.org/chainmaker-go/module/core/syncmode/core_syncmode_impl.go:194.60,199.6 1 0
chainmaker.org/chainmaker-go/module/core/syncmode/core_syncmode_impl.go:203.65,205.4 1 0
chainmaker.org/chainmaker-go/module/core/syncmode/core_syncmode_impl.go:207.74,208.37 1 0
chainmaker.org/chainmaker-go/module/core/syncmode/core_syncmode_impl.go:211.4,211.55 1 0
chainmaker.org/chainmaker-go/module/core/syncmode/core_syncmode_impl.go:208.37,210.5 1 0
chainmaker.org/chainmaker-go/module/core/syncmode/core_syncmode_impl.go:217.30,231.2 7 1
chainmaker.org/chainmaker-go/module/core/syncmode/core_syncmode_impl.go:234.29,237.2 2 1
chainmaker.org/chainmaker-go/module/core/syncmode/core_syncmode_impl.go:240.64,242.2 1 0
chainmaker.org/chainmaker-go/module/core/syncmode/core_syncmode_impl.go:245.66,247.2 1 1
chainmaker.org/chainmaker-go/module/core/syncmode/core_syncmode_impl.go:250.64,252.2 1 1
chainmaker.org/chainmaker-go/module/core/syncmode/core_syncmode_impl.go:255.62,257.2 1 1
chainmaker.org/chainmaker-go/module/core/syncmode/dpos_provider.go:26.99,28.2 1 0
chainmaker.org/chainmaker-go/module/core/syncmode/raft_provider.go:26.99,28.2 1 0
chainmaker.org/chainmaker-go/module/core/syncmode/solo_provider.go:26.99,28.2 1 0
chainmaker.org/chainmaker-go/module/core/syncmode/tbft_provider.go:26.99,28.2 1 0
chainmaker.org/chainmaker-go/module/core/syncmode/verifier/block_verifier_impl.go:113.104,155.54 4 0
chainmaker.org/chainmaker-go/module/core/syncmode/verifier/block_verifier_impl.go:160.2,163.15 3 0
chainmaker.org/chainmaker-go/module/core/syncmode/verifier/block_verifier_impl.go:155.54,158.3 1 0
chainmaker.org/chainmaker-go/module/core/syncmode/verifier/block_verifier_impl.go:168.63,170.38 1 0
chainmaker.org/chainmaker-go/module/core/syncmode/verifier/block_verifier_impl.go:174.102,177.49 2 1
chainmaker.org/chainmaker-go/module/core/syncmode/verifier/block_verifier_impl.go:185.2,188.60 2 1
chainmaker.org/chainmaker-go/module/core/syncmode/verifier/block_verifier_impl.go:192.2,196.14 3 1
chainmaker.org/chainmaker-go/module/core/syncmode/verifier/block_verifier_impl.go:200.2,204.16 3 1
chainmaker.org/chainmaker-go/module/core/syncmode/verifier/block_verifier_impl.go:208.2,210.16 3 1
chainmaker.org/chainmaker-go/module/core/syncmode/verifier/block_verifier_impl.go:214.2,217.16 3 1
chainmaker.org/chainmaker-go/module/core/syncmode/verifier/block_verifier_impl.go:244.2,245.55 2 1
chainmaker.org/chainmaker-go/module/core/syncmode/verifier/block_verifier_impl.go:252.2,253.34 2 1
chainmaker.org/chainmaker-go/module/core/syncmode/verifier/block_verifier_impl.go:260.2,265.103 3 1
chainmaker.org/chainmaker-go/module/core/syncmode/verifier/block_verifier_impl.go:270.2,270.43 1 1
chainmaker.org/chainmaker-go/module/core/syncmode/verifier/block_verifier_impl.go:277.2,277.39 1 1
chainmaker.org/chainmaker-go/module/core/syncmode/verifier/block_verifier_impl.go:280.2,286.54 3 1
chainmaker.org/chainmaker-go/module/core/syncmode/verifier/block_verifier_impl.go:290.2,290.12 1 1
chainmaker.org/chainmaker-go/module/core/syncmode/verifier/block_verifier_impl.go:177.49,183.3 3 0
chainmaker.org/chainmaker-go/module/core/syncmode/verifier/block_verifier_impl.go:188.60,191.3 2 0
chainmaker.org/chainmaker-go/module/core/syncmode/verifier/block_verifier_impl.go:196.14,198.3 1 0
chainmaker.org/chainmaker-go/module/core/syncmode/verifier/block_verifier_impl.go:204.16,206.3 1 0
chainmaker.org/chainmaker-go/module/core/syncmode/verifier/block_verifier_impl.go:210.16,213.3 2 0
chainmaker.org/chainmaker-go/module/core/syncmode/verifier/block_verifier_impl.go:217.16,221.40 2 0
chainmaker.org/chainmaker-go/module/core/syncmode/verifier/block_verifier_impl.go:230.3,230.83 1 0
chainmaker.org/chainmaker-go/module/core/syncmode/verifier/block_verifier_impl.go:235.3,235.72 1 0
chainmaker.org/chainmaker-go/module/core/syncmode/verifier/block_verifier_impl.go:241.3,241.13 1 0
chainmaker.org/chainmaker-go/module/core/syncmode/verifier/block_verifier_impl.go:221.40,222.37 1 0
chainmaker.org/chainmaker-go/module/core/syncmode/verifier/block_verifier_impl.go:226.4,226.108 1 0
chainmaker.org/chainmaker-go/module/core/syncmode/verifier/block_verifier_impl.go:222.37,225.5 1 0
chainmaker.org/chainmaker-go/module/core/syncmode/verifier/block_verifier_impl.go:230.83,232.4 1 0
chainmaker.org/chainmaker-go/module/core/syncmode/verifier/block_verifier_impl.go:235.72,239.4 2 0
chainmaker.org/chainmaker-go/module/core/syncmode/verifier/block_verifier_impl.go:245.55,246.77 1 0
chainmaker.org/chainmaker-go/module/core/syncmode/verifier/block_verifier_impl.go:246.77,248.4 1 0
chainmaker.org/chainmaker-go/module/core/syncmode/verifier/block_verifier_impl.go:253.34,254.50 1 0
chainmaker.org/chainmaker-go/module/core/syncmode/verifier/block_verifier_impl.go:254.50,258.4 2 0
chainmaker.org/chainmaker-go/module/core/syncmode/verifier/block_verifier_impl.go:265.103,267.3 1 0
chainmaker.org/chainmaker-go/module/core/syncmode/verifier/block_verifier_impl.go:270.43,272.3 1 0
chainmaker.org/chainmaker-go/module/core/syncmode/verifier/block_verifier_impl.go:272.8,274.3 1 1
chainmaker.org/chainmaker-go/module/core/syncmode/verifier/block_verifier_impl.go:277.39,279.3 1 1
chainmaker.org/chainmaker-go/module/core/syncmode/verifier/block_verifier_impl.go:286.54,288.3 1 0
chainmaker.org/chainmaker-go/module/core/syncmode/verifier/block_verifier_impl.go:295.68,298.49 2 1
chainmaker.org/chainmaker-go/module/core/syncmode/verifier/block_verifier_impl.go:306.2,309.60 2 1
chainmaker.org/chainmaker-go/module/core/syncmode/verifier/block_verifier_impl.go:313.2,317.14 3 1
chainmaker.org/chainmaker-go/module/core/syncmode/verifier/block_verifier_impl.go:321.2,323.33 3 1
chainmaker.org/chainmaker-go/module/core/syncmode/verifier/block_verifier_impl.go:330.2,331.16 2 1
chainmaker.org/chainmaker-go/module/core/syncmode/verifier/block_verifier_impl.go:335.2,337.16 3 1
chainmaker.org/chainmaker-go/module/core/syncmode/verifier/block_verifier_impl.go:340.2,342.16 3 1
chainmaker.org/chainmaker-go/module/core/syncmode/verifier/block_verifier_impl.go:362.2,363.34 2 1
chainmaker.org/chainmaker-go/module/core/syncmode/verifier/block_verifier_impl.go:370.2,375.103 3 1
chainmaker.org/chainmaker-go/module/core/syncmode/verifier/block_verifier_impl.go:380.2,380.43 1 1
chainmaker.org/chainmaker-go/module/core/syncmode/verifier/block_verifier_impl.go:387.2,387.39 1 1
chainmaker.org/chainmaker-go/module/core/syncmode/verifier/block_verifier_impl.go:390.2,397.54 3 1
chainmaker.org/chainmaker-go/module/core/syncmode/verifier/block_verifier_impl.go:400.2,400.12 1 1
chainmaker.org/chainmaker-go/module/core/syncmode/verifier/block_verifier_impl.go:298.49,304.3 3 0
chainmaker.org/chainmaker-go/module/core/syncmode/verifier/block_verifier_impl.go:309.60,312.3 2 0
chainmaker.org/chainmaker-go/module/core/syncmode/verifier/block_verifier_impl.go:317.14,319.3 1 0
chainmaker.org/chainmaker-go/module/core/syncmode/verifier/block_verifier_impl.go:323.33,324.21 1 1
chainmaker.org/chainmaker-go/module/core/syncmode/verifier/block_verifier_impl.go:324.21,326.4 1 1
chainmaker.org/chainmaker-go/module/core/syncmode/verifier/block_verifier_impl.go:331.16,333.3 1 0
chainmaker.org/chainmaker-go/module/core/syncmode/verifier/block_verifier_impl.go:337.16,339.3 1 0
chainmaker.org/chainmaker-go/module/core/syncmode/verifier/block_verifier_impl.go:342.16,346.40 2 0
chainmaker.org/chainmaker-go/module/core/syncmode/verifier/block_verifier_impl.go:355.3,355.83 1 0
chainmaker.org/chainmaker-go/module/core/syncmode/verifier/block_verifier_impl.go:358.3,358.13 1 0
chainmaker.org/chainmaker-go/module/core/syncmode/verifier/block_verifier_impl.go:346.40,347.37 1 0
chainmaker.org/chainmaker-go/module/core/syncmode/verifier/block_verifier_impl.go:351.4,351.108 1 0
chainmaker.org/chainmaker-go/module/core/syncmode/verifier/block_verifier_impl.go:347.37,350.5 1 0
chainmaker.org/chainmaker-go/module/core/syncmode/verifier/block_verifier_impl.go:355.83,357.4 1 0
chainmaker.org/chainmaker-go/module/core/syncmode/verifier/block_verifier_impl.go:363.34,364.50 1 0
chainmaker.org/chainmaker-go/module/core/syncmode/verifier/block_verifier_impl.go:364.50,368.4 2 0
chainmaker.org/chainmaker-go/module/core/syncmode/verifier/block_verifier_impl.go:375.103,377.3 1 0
chainmaker.org/chainmaker-go/module/core/syncmode/verifier/block_verifier_impl.go:380.43,382.3 1 0
chainmaker.org/chainmaker-go/module/core/syncmode/verifier/block_verifier_impl.go:382.8,384.3 1 1
chainmaker.org/chainmaker-go/module/core/syncmode/verifier/block_verifier_impl.go:387.39,389.3 1 1
chainmaker.org/chainmaker-go/module/core/syncmode/verifier/block_verifier_impl.go:397.54,399.3 1 0
chainmaker.org/chainmaker-go/module/core/syncmode/verifier/block_verifier_impl.go:406.60,407.19 1 0
chainmaker.org/chainmaker-go/module/core/syncmode/verifier/block_verifier_impl.go:408.26,410.10 2 0
chainmaker.org/chainmaker-go/module/core/syncmode/verifier/block_verifier_impl.go:413.3,414.17 2 0
chainmaker.org/chainmaker-go/module/core/syncmode/verifier/block_verifier_impl.go:418.3,420.17 3 0
chainmaker.org/chainmaker-go/module/core/syncmode/verifier/block_verifier_impl.go:424.3,426.45 3 0
chainmaker.org/chainmaker-go/module/core/syncmode/verifier/block_verifier_impl.go:429.3,430.56 1 0
chainmaker.org/chainmaker-go/module/core/syncmode/verifier/block_verifier_impl.go:431.10,431.10 0 0
chainmaker.org/chainmaker-go/module/core/syncmode/verifier/block_verifier_impl.go:410.10,412.4 1 0
chainmaker.org/chainmaker-go/module/core/syncmode/verifier/block_verifier_impl.go:414.17,417.4 2 0
chainmaker.org/chainmaker-go/module/core/syncmode/verifier/block_verifier_impl.go:420.17,423.4 2 0
chainmaker.org/chainmaker-go/module/core/syncmode/verifier/block_verifier_impl.go:426.45,428.4 1 0
chainmaker.org/chainmaker-go/module/core/syncmode/verifier/block_verifier_impl.go:437.39,439.2 0 0
chainmaker.org/chainmaker-go/module/core/syncmode/verifier/block_verifier_impl.go:446.36,451.55 5 1
chainmaker.org/chainmaker-go/module/core/syncmode/verifier/block_verifier_impl.go:456.2,456.39 1 1
chainmaker.org/chainmaker-go/module/core/syncmode/verifier/block_verifier_impl.go:460.2,460.52 1 1
chainmaker.org/chainmaker-go/module/core/syncmode/verifier/block_verifier_impl.go:465.2,469.16 4 1
chainmaker.org/chainmaker-go/module/core/syncmode/verifier/block_verifier_impl.go:474.2,474.83 1 1
chainmaker.org/chainmaker-go/module/core/syncmode/verifier/block_verifier_impl.go:451.55,453.3 1 0
chainmaker.org/chainmaker-go/module/core/syncmode/verifier/block_verifier_impl.go:453.8,455.3 1 1
chainmaker.org/chainmaker-go/module/core/syncmode/verifier/block_verifier_impl.go:456.39,458.3 1 0
chainmaker.org/chainmaker-go/module/core/syncmode/verifier/block_verifier_impl.go:460.52,462.3 1 0
chainmaker.org/chainmaker-go/module/core/syncmode/verifier/block_verifier_impl.go:469.16,471.3 1 0
chainmaker.org/chainmaker-go/module/core/syncmode/verifier/block_verifier_impl.go:480.92,485.39 5 1
chainmaker.org/chainmaker-go/module/core/syncmode/verifier/block_verifier_impl.go:489.2,489.52 1 1
chainmaker.org/chainmaker-go/module/core/syncmode/verifier/block_verifier_impl.go:494.2,498.16 4 1
chainmaker.org/chainmaker-go/module/core/syncmode/verifier/block_verifier_impl.go:503.2,503.105 1 1
chainmaker.org/chainmaker-go/module/core/syncmode/verifier/block_verifier_impl.go:485.39,487.3 1 0
chainmaker.org/chainmaker-go/module/core/syncmode/verifier/block_verifier_impl.go:489.52,491.3 1 0
chainmaker.org/chainmaker-go/module/core/syncmode/verifier/block_verifier_impl.go:498.16,500.3 1 0
chainmaker.org/chainmaker-go/module/core/syncmode/verifier/block_verifier_impl.go:507.72,509.2 1 0
chainmaker.org/chainmaker-go/module/core/syncmode/verifier/block_verifier_impl.go:513.113,518.13 2 1
chainmaker.org/chainmaker-go/module/core/syncmode/verifier/block_verifier_impl.go:532.2,532.21 1 1
chainmaker.org/chainmaker-go/module/core/syncmode/verifier/block_verifier_impl.go:518.13,521.3 2 1
chainmaker.org/chainmaker-go/module/core/syncmode/verifier/block_verifier_impl.go:521.8,525.32 3 0
chainmaker.org/chainmaker-go/module/core/syncmode/verifier/block_verifier_impl.go:525.32,530.4 1 0
chainmaker.org/chainmaker-go/module/core/syncmode/verifier/block_verifier_impl.go:536.99,537.43 1 0
chainmaker.org/chainmaker-go/module/core/syncmode/verifier/block_verifier_impl.go:545.2,548.37 3 0
chainmaker.org/chainmaker-go/module/core/syncmode/verifier/block_verifier_impl.go:552.2,552.41 1 0
chainmaker.org/chainmaker-go/module/core/syncmode/verifier/block_verifier_impl.go:564.2,564.21 1 0
chainmaker.org/chainmaker-go/module/core/syncmode/verifier/block_verifier_impl.go:537.43,539.17 2 0
chainmaker.org/chainmaker-go/module/core/syncmode/verifier/block_verifier_impl.go:542.3,542.9 1 0
chainmaker.org/chainmaker-go/module/core/syncmode/verifier/block_verifier_impl.go:539.17,541.4 1 0
chainmaker.org/chainmaker-go/module/core/syncmode/verifier/block_verifier_impl.go:548.37,550.3 1 0
chainmaker.org/chainmaker-go/module/core/syncmode/verifier/block_verifier_impl.go:552.41,554.42 2 0
chainmaker.org/chainmaker-go/module/core/syncmode/verifier/block_verifier_impl.go:554.42,555.48 1 0
chainmaker.org/chainmaker-go/module/core/syncmode/verifier/block_verifier_impl.go:559.4,560.36 2 0
chainmaker.org/chainmaker-go/module/core/syncmode/verifier/block_verifier_impl.go:555.48,557.13 1 0
chainmaker.org/chainmaker-go/module/core/syncmode/verifier/block_verifier_impl.go:564.21,566.3 1 0
chainmaker.org/chainmaker-go/module/core/syncmode/verifier/block_verifier_impl.go:569.117,573.16 3 0
chainmaker.org/chainmaker-go/module/core/syncmode/verifier/block_verifier_impl.go:578.2,578.35 1 0
chainmaker.org/chainmaker-go/module/core/syncmode/verifier/block_verifier_impl.go:582.2,583.41 2 0
chainmaker.org/chainmaker-go/module/core/syncmode/verifier/block_verifier_impl.go:601.2,601.31 1 0
chainmaker.org/chainmaker-go/module/core/syncmode/verifier/block_verifier_impl.go:605.2,605.12 1 0
chainmaker.org/chainmaker-go/module/core/syncmode/verifier/block_verifier_impl.go:573.16,577.3 2 0
chainmaker.org/chainmaker-go/module/core/syncmode/verifier/block_verifier_impl.go:578.35,580.3 1 0
chainmaker.org/chainmaker-go/module/core/syncmode/verifier/block_verifier_impl.go:583.41,586.17 3 0
chainmaker.org/chainmaker-go/module/core/syncmode/verifier/block_verifier_impl.go:591.3,591.42 1 0
chainmaker.org/chainmaker-go/module/core/syncmode/verifier/block_verifier_impl.go:586.17,589.12 2 0
chainmaker.org/chainmaker-go/module/core/syncmode/verifier/block_verifier_impl.go:591.42,592.48 1 0
chainmaker.org/chainmaker-go/module/core/syncmode/verifier/block_verifier_impl.go:596.4,597.59 2 0
chainmaker.org/chainmaker-go/module/core/syncmode/verifier/block_verifier_impl.go:592.48,594.13 1 0
chainmaker.org/chainmaker-go/module/core/syncmode/verifier/block_verifier_impl.go:601.31,603.3 1 0
chainmaker.org/chainmaker-go/module/core/syncmode/verifier/block_verifier_impl.go:610.44,613.14 2 1
chainmaker.org/chainmaker-go/module/core/syncmode/verifier/block_verifier_impl.go:616.2,617.91 2 1
chainmaker.org/chainmaker-go/module/core/syncmode/verifier/block_verifier_impl.go:647.2,647.14 1 1
chainmaker.org/chainmaker-go/module/core/syncmode/verifier/block_verifier_impl.go:613.14,615.3 1 1
chainmaker.org/chainmaker-go/module/core/syncmode/verifier/block_verifier_impl.go:617.91,621.40 3 1
chainmaker.org/chainmaker-go/module/core/syncmode/verifier/block_verifier_impl.go:625.3,627.23 2 1
chainmaker.org/chainmaker-go/module/core/syncmode/verifier/block_verifier_impl.go:635.3,636.25 2 1
chainmaker.org/chainmaker-go/module/core/syncmode/verifier/block_verifier_impl.go:645.3,645.14 1 1
chainmaker.org/chainmaker-go/module/core/syncmode/verifier/block_verifier_impl.go:621.40,624.4 1 1
chainmaker.org/chainmaker-go/module/core/syncmode/verifier/block_verifier_impl.go:627.23,634.4 2 1
chainmaker.org/chainmaker-go/module/core/syncmode/verifier/block_verifier_impl.go:636.25,643.4 2 0
chainmaker.org/chainmaker-go/module/core/syncmode/verifier/v220_compat.go:19.45,21.2 1 0
chainmaker.org/chainmaker-go/module/core/syncmode/verifier/v220_compat.go:24.83,28.2 3 0
chainmaker.org/chainmaker-go/module/core/maxbftmode/proposer/block_generator.go:16.35,25.2 1 0
chainmaker.org/chainmaker-go/module/core/maxbftmode/proposer/block_proposer_impl.go:130.104,158.16 4 0
chainmaker.org/chainmaker-go/module/core/maxbftmode/proposer/block_proposer_impl.go:164.2,165.41 2 0
chainmaker.org/chainmaker-go/module/core/maxbftmode/proposer/block_proposer_impl.go:170.2,170.54 1 0
chainmaker.org/chainmaker-go/module/core/maxbftmode/proposer/block_proposer_impl.go:181.2,197.31 3 0
chainmaker.org/chainmaker-go/module/core/maxbftmode/proposer/block_proposer_impl.go:158.16,161.3 2 0
chainmaker.org/chainmaker-go/module/core/maxbftmode/proposer/block_proposer_impl.go:165.41,167.3 1 0
chainmaker.org/chainmaker-go/module/core/maxbftmode/proposer/block_proposer_impl.go:170.54,178.3 1 0
chainmaker.org/chainmaker-go/module/core/maxbftmode/proposer/block_proposer_impl.go:201.44,207.2 3 0
chainmaker.org/chainmaker-go/module/core/maxbftmode/proposer/block_proposer_impl.go:210.51,211.6 1 0
chainmaker.org/chainmaker-go/module/core/maxbftmode/proposer/block_proposer_impl.go:211.6,212.10 1 0
chainmaker.org/chainmaker-go/module/core/maxbftmode/proposer/block_proposer_impl.go:214.28,215.28 1 0
chainmaker.org/chainmaker-go/module/core/maxbftmode/proposer/block_proposer_impl.go:219.4,220.25 2 0
chainmaker.org/chainmaker-go/module/core/maxbftmode/proposer/block_proposer_impl.go:229.37,230.28 1 0
chainmaker.org/chainmaker-go/module/core/maxbftmode/proposer/block_proposer_impl.go:234.4,234.62 1 0
chainmaker.org/chainmaker-go/module/core/maxbftmode/proposer/block_proposer_impl.go:237.4,237.84 1 0
chainmaker.org/chainmaker-go/module/core/maxbftmode/proposer/block_proposer_impl.go:239.19,243.10 3 0
chainmaker.org/chainmaker-go/module/core/maxbftmode/proposer/block_proposer_impl.go:215.28,216.10 1 0
chainmaker.org/chainmaker-go/module/core/maxbftmode/proposer/block_proposer_impl.go:220.25,221.81 1 0
chainmaker.org/chainmaker-go/module/core/maxbftmode/proposer/block_proposer_impl.go:227.5,227.44 1 0
chainmaker.org/chainmaker-go/module/core/maxbftmode/proposer/block_proposer_impl.go:221.81,222.40 1 0
chainmaker.org/chainmaker-go/module/core/maxbftmode/proposer/block_proposer_impl.go:225.6,225.86 1 0
chainmaker.org/chainmaker-go/module/core/maxbftmode/proposer/block_proposer_impl.go:222.40,224.7 1 0
chainmaker.org/chainmaker-go/module/core/maxbftmode/proposer/block_proposer_impl.go:230.28,231.10 1 0
chainmaker.org/chainmaker-go/module/core/maxbftmode/proposer/block_proposer_impl.go:234.62,235.10 1 0
chainmaker.org/chainmaker-go/module/core/maxbftmode/proposer/block_proposer_impl.go:249.43,253.2 3 0
chainmaker.org/chainmaker-go/module/core/maxbftmode/proposer/block_proposer_impl.go:256.107,261.36 3 0
chainmaker.org/chainmaker-go/module/core/maxbftmode/proposer/block_proposer_impl.go:266.2,267.30 2 0
chainmaker.org/chainmaker-go/module/core/maxbftmode/proposer/block_proposer_impl.go:297.2,313.6 3 0
chainmaker.org/chainmaker-go/module/core/maxbftmode/proposer/block_proposer_impl.go:350.2,356.34 4 0
chainmaker.org/chainmaker-go/module/core/maxbftmode/proposer/block_proposer_impl.go:372.2,379.16 2 0
chainmaker.org/chainmaker-go/module/core/maxbftmode/proposer/block_proposer_impl.go:394.2,399.65 3 0
chainmaker.org/chainmaker-go/module/core/maxbftmode/proposer/block_proposer_impl.go:405.2,414.54 4 0
chainmaker.org/chainmaker-go/module/core/maxbftmode/proposer/block_proposer_impl.go:417.2,417.94 1 0
chainmaker.org/chainmaker-go/module/core/maxbftmode/proposer/block_proposer_impl.go:261.36,264.3 1 0
chainmaker.org/chainmaker-go/module/core/maxbftmode/proposer/block_proposer_impl.go:267.30,276.67 1 0
chainmaker.org/chainmaker-go/module/core/maxbftmode/proposer/block_proposer_impl.go:276.67,285.45 3 0
chainmaker.org/chainmaker-go/module/core/maxbftmode/proposer/block_proposer_impl.go:285.45,287.19 2 0
chainmaker.org/chainmaker-go/module/core/maxbftmode/proposer/block_proposer_impl.go:291.5,291.53 1 0
chainmaker.org/chainmaker-go/module/core/maxbftmode/proposer/block_proposer_impl.go:287.19,289.6 1 0
chainmaker.org/chainmaker-go/module/core/maxbftmode/proposer/block_proposer_impl.go:292.10,294.5 1 0
chainmaker.org/chainmaker-go/module/core/maxbftmode/proposer/block_proposer_impl.go:313.6,322.27 6 0
chainmaker.org/chainmaker-go/module/core/maxbftmode/proposer/block_proposer_impl.go:336.3,339.25 4 0
chainmaker.org/chainmaker-go/module/core/maxbftmode/proposer/block_proposer_impl.go:346.3,346.26 1 0
chainmaker.org/chainmaker-go/module/core/maxbftmode/proposer/block_proposer_impl.go:322.27,328.50 4 0
chainmaker.org/chainmaker-go/module/core/maxbftmode/proposer/block_proposer_impl.go:332.4,333.9 2 0
chainmaker.org/chainmaker-go/module/core/maxbftmode/proposer/block_proposer_impl.go:328.50,331.5 2 0
chainmaker.org/chainmaker-go/module/core/maxbftmode/proposer/block_proposer_impl.go:339.25,343.4 2 0
chainmaker.org/chainmaker-go/module/core/maxbftmode/proposer/block_proposer_impl.go:346.26,347.9 1 0
chainmaker.org/chainmaker-go/module/core/maxbftmode/proposer/block_proposer_impl.go:356.34,362.44 3 0
chainmaker.org/chainmaker-go/module/core/maxbftmode/proposer/block_proposer_impl.go:369.3,369.85 1 0
chainmaker.org/chainmaker-go/module/core/maxbftmode/proposer/block_proposer_impl.go:362.44,364.4 1 0
chainmaker.org/chainmaker-go/module/core/maxbftmode/proposer/block_proposer_impl.go:364.9,367.4 2 0
chainmaker.org/chainmaker-go/module/core/maxbftmode/proposer/block_proposer_impl.go:379.16,382.82 2 0
chainmaker.org/chainmaker-go/module/core/maxbftmode/proposer/block_proposer_impl.go:386.3,386.44 1 0
chainmaker.org/chainmaker-go/module/core/maxbftmode/proposer/block_proposer_impl.go:392.3,392.18 1 0
chainmaker.org/chainmaker-go/module/core/maxbftmode/proposer/block_proposer_impl.go:382.82,384.4 1 0
chainmaker.org/chainmaker-go/module/core/maxbftmode/proposer/block_proposer_impl.go:386.44,388.4 1 0
chainmaker.org/chainmaker-go/module/core/maxbftmode/proposer/block_proposer_impl.go:388.9,390.4 1 0
chainmaker.org/chainmaker-go/module/core/maxbftmode/proposer/block_proposer_impl.go:399.65,401.3 1 0
chainmaker.org/chainmaker-go/module/core/maxbftmode/proposer/block_proposer_impl.go:401.8,403.3 1 0
chainmaker.org/chainmaker-go/module/core/maxbftmode/proposer/block_proposer_impl.go:414.54,416.3 1 0
chainmaker.org/chainmaker-go/module/core/maxbftmode/proposer/block_proposer_impl.go:421.89,423.2 1 0
chainmaker.org/chainmaker-go/module/core/maxbftmode/proposer/block_proposer_impl.go:427.79,431.42 4 1
chainmaker.org/chainmaker-go/module/core/maxbftmode/proposer/block_proposer_impl.go:435.2,436.26 2 1
chainmaker.org/chainmaker-go/module/core/maxbftmode/proposer/block_proposer_impl.go:441.2,442.83 2 1
chainmaker.org/chainmaker-go/module/core/maxbftmode/proposer/block_proposer_impl.go:431.42,434.3 1 1
chainmaker.org/chainmaker-go/module/core/maxbftmode/proposer/block_proposer_impl.go:436.26,440.3 2 0
chainmaker.org/chainmaker-go/module/core/maxbftmode/proposer/block_proposer_impl.go:447.86,450.57 3 1
chainmaker.org/chainmaker-go/module/core/maxbftmode/proposer/block_proposer_impl.go:455.2,455.22 1 1
chainmaker.org/chainmaker-go/module/core/maxbftmode/proposer/block_proposer_impl.go:459.2,462.12 3 0
chainmaker.org/chainmaker-go/module/core/maxbftmode/proposer/block_proposer_impl.go:467.2,467.21 1 0
chainmaker.org/chainmaker-go/module/core/maxbftmode/proposer/block_proposer_impl.go:450.57,453.3 2 1
chainmaker.org/chainmaker-go/module/core/maxbftmode/proposer/block_proposer_impl.go:455.22,458.3 2 1
chainmaker.org/chainmaker-go/module/core/maxbftmode/proposer/block_proposer_impl.go:462.12,463.67 1 0
chainmaker.org/chainmaker-go/module/core/maxbftmode/proposer/block_proposer_impl.go:463.67,465.4 1 0
chainmaker.org/chainmaker-go/module/core/maxbftmode/proposer/block_proposer_impl.go:471.72,472.14 1 1
chainmaker.org/chainmaker-go/module/core/maxbftmode/proposer/block_proposer_impl.go:475.2,475.25 1 1
chainmaker.org/chainmaker-go/module/core/maxbftmode/proposer/block_proposer_impl.go:472.14,474.3 1 0
chainmaker.org/chainmaker-go/module/core/maxbftmode/proposer/block_proposer_impl.go:475.25,480.3 3 0
chainmaker.org/chainmaker-go/module/core/maxbftmode/proposer/block_proposer_impl.go:489.37,497.32 5 0
chainmaker.org/chainmaker-go/module/core/maxbftmode/proposer/block_proposer_impl.go:516.2,516.35 1 0
chainmaker.org/chainmaker-go/module/core/maxbftmode/proposer/block_proposer_impl.go:497.32,498.26 1 0
chainmaker.org/chainmaker-go/module/core/maxbftmode/proposer/block_proposer_impl.go:502.3,503.31 2 0
chainmaker.org/chainmaker-go/module/core/maxbftmode/proposer/block_proposer_impl.go:507.3,508.17 2 0
chainmaker.org/chainmaker-go/module/core/maxbftmode/proposer/block_proposer_impl.go:512.3,512.30 1 0
chainmaker.org/chainmaker-go/module/core/maxbftmode/proposer/block_proposer_impl.go:498.26,499.9 1 0
chainmaker.org/chainmaker-go/module/core/maxbftmode/proposer/block_proposer_impl.go:503.31,504.12 1 0
chainmaker.org/chainmaker-go/module/core/maxbftmode/proposer/block_proposer_impl.go:508.17,509.12 1 0
chainmaker.org/chainmaker-go/module/core/maxbftmode/proposer/block_proposer_impl.go:512.30,513.9 1 0
chainmaker.org/chainmaker-go/module/core/maxbftmode/proposer/block_proposer_impl.go:519.102,523.33 3 0
chainmaker.org/chainmaker-go/module/core/maxbftmode/proposer/block_proposer_impl.go:539.2,539.23 1 0
chainmaker.org/chainmaker-go/module/core/maxbftmode/proposer/block_proposer_impl.go:523.33,524.26 1 0
chainmaker.org/chainmaker-go/module/core/maxbftmode/proposer/block_proposer_impl.go:528.3,529.34 2 0
chainmaker.org/chainmaker-go/module/core/maxbftmode/proposer/block_proposer_impl.go:533.3,533.28 1 0
chainmaker.org/chainmaker-go/module/core/maxbftmode/proposer/block_proposer_impl.go:537.3,537.31 1 0
chainmaker.org/chainmaker-go/module/core/maxbftmode/proposer/block_proposer_impl.go:524.26,525.9 1 0
chainmaker.org/chainmaker-go/module/core/maxbftmode/proposer/block_proposer_impl.go:529.34,530.12 1 0
chainmaker.org/chainmaker-go/module/core/maxbftmode/proposer/block_proposer_impl.go:533.28,536.4 1 0
chainmaker.org/chainmaker-go/module/core/maxbftmode/proposer/block_proposer_impl.go:543.52,547.14 3 1
chainmaker.org/chainmaker-go/module/core/maxbftmode/proposer/block_proposer_impl.go:552.2,552.14 1 1
chainmaker.org/chainmaker-go/module/core/maxbftmode/proposer/block_proposer_impl.go:547.14,551.3 3 0
chainmaker.org/chainmaker-go/module/core/maxbftmode/proposer/block_proposer_impl.go:557.58,558.62 1 1
chainmaker.org/chainmaker-go/module/core/maxbftmode/proposer/block_proposer_impl.go:561.2,563.19 3 1
chainmaker.org/chainmaker-go/module/core/maxbftmode/proposer/block_proposer_impl.go:566.2,566.51 1 1
chainmaker.org/chainmaker-go/module/core/maxbftmode/proposer/block_proposer_impl.go:558.62,560.3 1 1
chainmaker.org/chainmaker-go/module/core/maxbftmode/proposer/block_proposer_impl.go:563.19,565.3 1 0
chainmaker.org/chainmaker-go/module/core/maxbftmode/proposer/block_proposer_impl.go:574.55,575.62 1 1
chainmaker.org/chainmaker-go/module/core/maxbftmode/proposer/block_proposer_impl.go:579.2,579.53 1 0
chainmaker.org/chainmaker-go/module/core/maxbftmode/proposer/block_proposer_impl.go:575.62,578.3 2 1
chainmaker.org/chainmaker-go/module/core/maxbftmode/proposer/block_proposer_impl.go:583.48,586.13 3 1
chainmaker.org/chainmaker-go/module/core/maxbftmode/proposer/block_proposer_impl.go:590.2,590.14 1 1
chainmaker.org/chainmaker-go/module/core/maxbftmode/proposer/block_proposer_impl.go:586.13,589.3 2 1
chainmaker.org/chainmaker-go/module/core/maxbftmode/proposer/block_proposer_impl.go:601.40,605.2 3 1
chainmaker.org/chainmaker-go/module/core/maxbftmode/proposer/block_proposer_impl.go:608.69,612.20 4 1
chainmaker.org/chainmaker-go/module/core/maxbftmode/proposer/block_proposer_impl.go:612.20,614.3 1 0
chainmaker.org/chainmaker-go/module/core/maxbftmode/proposer/block_proposer_impl.go:614.8,616.3 1 1
chainmaker.org/chainmaker-go/module/core/maxbftmode/proposer/block_proposer_impl.go:620.52,624.2 3 1
chainmaker.org/chainmaker-go/module/core/maxbftmode/proposer/block_proposer_impl.go:630.88,632.27 2 1
chainmaker.org/chainmaker-go/module/core/maxbftmode/proposer/block_proposer_impl.go:636.2,638.29 2 1
chainmaker.org/chainmaker-go/module/core/maxbftmode/proposer/block_proposer_impl.go:642.2,642.31 1 1
chainmaker.org/chainmaker-go/module/core/maxbftmode/proposer/block_proposer_impl.go:652.2,653.14 2 0
chainmaker.org/chainmaker-go/module/core/maxbftmode/proposer/block_proposer_impl.go:656.2,656.17 1 0
chainmaker.org/chainmaker-go/module/core/maxbftmode/proposer/block_proposer_impl.go:632.27,635.3 2 0
chainmaker.org/chainmaker-go/module/core/maxbftmode/proposer/block_proposer_impl.go:638.29,641.3 2 1
chainmaker.org/chainmaker-go/module/core/maxbftmode/proposer/block_proposer_impl.go:642.31,644.60 1 1
chainmaker.org/chainmaker-go/module/core/maxbftmode/proposer/block_proposer_impl.go:647.3,649.15 2 1
chainmaker.org/chainmaker-go/module/core/maxbftmode/proposer/block_proposer_impl.go:644.60,646.4 1 1
chainmaker.org/chainmaker-go/module/core/maxbftmode/proposer/block_proposer_impl.go:653.14,655.3 1 0
chainmaker.org/chainmaker-go/module/core/maxbftmode/proposer/block_proposer_impl.go:660.111,661.15 1 0
chainmaker.org/chainmaker-go/module/core/maxbftmode/proposer/block_proposer_impl.go:670.2,672.67 3 0
chainmaker.org/chainmaker-go/module/core/maxbftmode/proposer/block_proposer_impl.go:683.2,685.16 3 0
chainmaker.org/chainmaker-go/module/core/maxbftmode/proposer/block_proposer_impl.go:691.2,691.27 1 0
chainmaker.org/chainmaker-go/module/core/maxbftmode/proposer/block_proposer_impl.go:661.15,665.26 2 0
chainmaker.org/chainmaker-go/module/core/maxbftmode/proposer/block_proposer_impl.go:665.26,667.4 1 0
chainmaker.org/chainmaker-go/module/core/maxbftmode/proposer/block_proposer_impl.go:672.67,675.3 2 0
chainmaker.org/chainmaker-go/module/core/maxbftmode/proposer/block_proposer_impl.go:685.16,687.3 1 0
chainmaker.org/chainmaker-go/module/core/maxbftmode/proposer/block_proposer_impl.go:698.101,701.27 3 0
chainmaker.org/chainmaker-go/module/core/maxbftmode/proposer/block_proposer_impl.go:705.2,707.29 2 0
chainmaker.org/chainmaker-go/module/core/maxbftmode/proposer/block_proposer_impl.go:711.2,711.31 1 0
chainmaker.org/chainmaker-go/module/core/maxbftmode/proposer/block_proposer_impl.go:727.2,727.18 1 0
chainmaker.org/chainmaker-go/module/core/maxbftmode/proposer/block_proposer_impl.go:701.27,704.3 2 0
chainmaker.org/chainmaker-go/module/core/maxbftmode/proposer/block_proposer_impl.go:707.29,710.3 2 0
chainmaker.org/chainmaker-go/module/core/maxbftmode/proposer/block_proposer_impl.go:711.31,713.60 1 0
chainmaker.org/chainmaker-go/module/core/maxbftmode/proposer/block_proposer_impl.go:716.3,718.20 2 0
chainmaker.org/chainmaker-go/module/core/maxbftmode/proposer/block_proposer_impl.go:713.60,715.4 1 0
chainmaker.org/chainmaker-go/module/core/maxbftmode/proposer/block_proposer_impl.go:731.110,734.43 1 0
chainmaker.org/chainmaker-go/module/core/maxbftmode/proposer/block_proposer_impl.go:740.2,743.36 3 0
chainmaker.org/chainmaker-go/module/core/maxbftmode/proposer/block_proposer_impl.go:748.2,748.18 1 0
chainmaker.org/chainmaker-go/module/core/maxbftmode/proposer/block_proposer_impl.go:759.2,762.31 4 0
chainmaker.org/chainmaker-go/module/core/maxbftmode/proposer/block_proposer_impl.go:772.2,772.31 1 0
chainmaker.org/chainmaker-go/module/core/maxbftmode/proposer/block_proposer_impl.go:779.2,781.47 2 0
chainmaker.org/chainmaker-go/module/core/maxbftmode/proposer/block_proposer_impl.go:734.43,737.3 2 0
chainmaker.org/chainmaker-go/module/core/maxbftmode/proposer/block_proposer_impl.go:743.36,745.3 1 0
chainmaker.org/chainmaker-go/module/core/maxbftmode/proposer/block_proposer_impl.go:748.18,751.28 3 0
chainmaker.org/chainmaker-go/module/core/maxbftmode/proposer/block_proposer_impl.go:754.3,755.9 2 0
chainmaker.org/chainmaker-go/module/core/maxbftmode/proposer/block_proposer_impl.go:751.28,753.4 1 0
chainmaker.org/chainmaker-go/module/core/maxbftmode/proposer/block_proposer_impl.go:762.31,763.49 1 0
chainmaker.org/chainmaker-go/module/core/maxbftmode/proposer/block_proposer_impl.go:763.49,764.31 1 0
chainmaker.org/chainmaker-go/module/core/maxbftmode/proposer/block_proposer_impl.go:764.31,767.10 3 0
chainmaker.org/chainmaker-go/module/core/maxbftmode/proposer/block_proposer_impl.go:772.31,773.44 1 0
chainmaker.org/chainmaker-go/module/core/maxbftmode/proposer/block_proposer_impl.go:773.44,775.4 1 0
chainmaker.org/chainmaker-go/module/core/maxbftmode/proposer/block_proposer_impl.go:787.80,788.43 1 0
chainmaker.org/chainmaker-go/module/core/maxbftmode/proposer/block_proposer_impl.go:796.2,796.45 1 0
chainmaker.org/chainmaker-go/module/core/maxbftmode/proposer/block_proposer_impl.go:788.43,794.3 3 0
chainmaker.org/chainmaker-go/module/core/maxbftmode/proposer/block_proposer_impl.go:801.44,804.47 3 0
chainmaker.org/chainmaker-go/module/core/maxbftmode/proposer/block_proposer_impl.go:869.2,869.30 1 0
chainmaker.org/chainmaker-go/module/core/maxbftmode/proposer/block_proposer_impl.go:804.47,805.40 1 0
chainmaker.org/chainmaker-go/module/core/maxbftmode/proposer/block_proposer_impl.go:805.40,809.62 2 0
chainmaker.org/chainmaker-go/module/core/maxbftmode/proposer/block_proposer_impl.go:818.4,821.41 4 0
chainmaker.org/chainmaker-go/module/core/maxbftmode/proposer/block_proposer_impl.go:837.4,837.24 1 0
chainmaker.org/chainmaker-go/module/core/maxbftmode/proposer/block_proposer_impl.go:846.4,848.18 3 0
chainmaker.org/chainmaker-go/module/core/maxbftmode/proposer/block_proposer_impl.go:852.4,852.49 1 0
chainmaker.org/chainmaker-go/module/core/maxbftmode/proposer/block_proposer_impl.go:863.4,866.39 2 0
chainmaker.org/chainmaker-go/module/core/maxbftmode/proposer/block_proposer_impl.go:809.62,811.20 1 0
chainmaker.org/chainmaker-go/module/core/maxbftmode/proposer/block_proposer_impl.go:815.5,815.13 1 0
chainmaker.org/chainmaker-go/module/core/maxbftmode/proposer/block_proposer_impl.go:811.20,814.7 1 0
chainmaker.org/chainmaker-go/module/core/maxbftmode/proposer/block_proposer_impl.go:821.41,823.46 2 0
chainmaker.org/chainmaker-go/module/core/maxbftmode/proposer/block_proposer_impl.go:828.5,828.69 1 0
chainmaker.org/chainmaker-go/module/core/maxbftmode/proposer/block_proposer_impl.go:833.5,833.32 1 0
chainmaker.org/chainmaker-go/module/core/maxbftmode/proposer/block_proposer_impl.go:823.46,825.14 2 0
chainmaker.org/chainmaker-go/module/core/maxbftmode/proposer/block_proposer_impl.go:828.69,830.14 2 0
chainmaker.org/chainmaker-go/module/core/maxbftmode/proposer/block_proposer_impl.go:837.24,839.20 1 0
chainmaker.org/chainmaker-go/module/core/maxbftmode/proposer/block_proposer_impl.go:843.5,843.13 1 0
chainmaker.org/chainmaker-go/module/core/maxbftmode/proposer/block_proposer_impl.go:839.20,842.7 1 0
chainmaker.org/chainmaker-go/module/core/maxbftmode/proposer/block_proposer_impl.go:848.18,850.5 1 0
chainmaker.org/chainmaker-go/module/core/maxbftmode/proposer/block_proposer_impl.go:852.49,857.5 2 0
chainmaker.org/chainmaker-go/module/core/maxbftmode/proposer/block_proposer_impl.go:857.10,860.5 1 0
chainmaker.org/chainmaker-go/module/core/maxbftmode/proposer/block_proposer_impl.go:874.64,876.43 1 0
chainmaker.org/chainmaker-go/module/core/maxbftmode/proposer/block_proposer_impl.go:891.2,892.34 2 0
chainmaker.org/chainmaker-go/module/core/maxbftmode/proposer/block_proposer_impl.go:876.43,878.20 1 0
chainmaker.org/chainmaker-go/module/core/maxbftmode/proposer/block_proposer_impl.go:885.3,888.50 3 0
chainmaker.org/chainmaker-go/module/core/maxbftmode/proposer/block_proposer_impl.go:878.20,883.4 3 0
chainmaker.org/chainmaker-go/module/core/maxbftmode/proposer/block_proposer_impl.go:898.29,899.43 1 0
chainmaker.org/chainmaker-go/module/core/maxbftmode/proposer/block_proposer_impl.go:912.2,913.32 2 0
chainmaker.org/chainmaker-go/module/core/maxbftmode/proposer/block_proposer_impl.go:919.2,920.43 2 0
chainmaker.org/chainmaker-go/module/core/maxbftmode/proposer/block_proposer_impl.go:899.43,901.33 2 0
chainmaker.org/chainmaker-go/module/core/maxbftmode/proposer/block_proposer_impl.go:906.3,906.23 1 0
chainmaker.org/chainmaker-go/module/core/maxbftmode/proposer/block_proposer_impl.go:910.3,910.44 1 0
chainmaker.org/chainmaker-go/module/core/maxbftmode/proposer/block_proposer_impl.go:901.33,902.106 1 0
chainmaker.org/chainmaker-go/module/core/maxbftmode/proposer/block_proposer_impl.go:902.106,904.5 1 0
chainmaker.org/chainmaker-go/module/core/maxbftmode/proposer/block_proposer_impl.go:906.23,909.4 2 0
chainmaker.org/chainmaker-go/module/core/maxbftmode/proposer/block_proposer_impl.go:913.32,915.65 1 0
chainmaker.org/chainmaker-go/module/core/maxbftmode/proposer/block_proposer_impl.go:915.65,917.4 1 0
chainmaker.org/chainmaker-go/module/core/maxbftmode/proposer/block_proposer_impl.go:952.84,955.35 2 0
chainmaker.org/chainmaker-go/module/core/maxbftmode/proposer/block_proposer_impl.go:959.2,959.19 1 0
chainmaker.org/chainmaker-go/module/core/maxbftmode/proposer/block_proposer_impl.go:955.35,957.3 1 0
chainmaker.org/chainmaker-go/module/core/syncmode/proposer/block_proposer_impl.go:132.104,160.16 4 0
chainmaker.org/chainmaker-go/module/core/syncmode/proposer/block_proposer_impl.go:166.2,167.41 2 0
chainmaker.org/chainmaker-go/module/core/syncmode/proposer/block_proposer_impl.go:172.2,172.54 1 0
chainmaker.org/chainmaker-go/module/core/syncmode/proposer/block_proposer_impl.go:183.2,202.31 4 0
chainmaker.org/chainmaker-go/module/core/syncmode/proposer/block_proposer_impl.go:160.16,163.3 2 0
chainmaker.org/chainmaker-go/module/core/syncmode/proposer/block_proposer_impl.go:167.41,169.3 1 0
chainmaker.org/chainmaker-go/module/core/syncmode/proposer/block_proposer_impl.go:172.54,180.3 1 0
chainmaker.org/chainmaker-go/module/core/syncmode/proposer/block_proposer_impl.go:206.44,212.2 3 0
chainmaker.org/chainmaker-go/module/core/syncmode/proposer/block_proposer_impl.go:215.43,219.2 3 0
chainmaker.org/chainmaker-go/module/core/syncmode/proposer/block_proposer_impl.go:222.51,223.6 1 0
chainmaker.org/chainmaker-go/module/core/syncmode/proposer/block_proposer_impl.go:223.6,224.10 1 0
chainmaker.org/chainmaker-go/module/core/syncmode/proposer/block_proposer_impl.go:225.28,226.28 1 0
chainmaker.org/chainmaker-go/module/core/syncmode/proposer/block_proposer_impl.go:229.4,229.24 1 0
chainmaker.org/chainmaker-go/module/core/syncmode/proposer/block_proposer_impl.go:231.37,232.28 1 0
chainmaker.org/chainmaker-go/module/core/syncmode/proposer/block_proposer_impl.go:235.4,235.62 1 0
chainmaker.org/chainmaker-go/module/core/syncmode/proposer/block_proposer_impl.go:238.4,238.24 1 0
chainmaker.org/chainmaker-go/module/core/syncmode/proposer/block_proposer_impl.go:240.19,243.10 3 0
chainmaker.org/chainmaker-go/module/core/syncmode/proposer/block_proposer_impl.go:226.28,227.10 1 0
chainmaker.org/chainmaker-go/module/core/syncmode/proposer/block_proposer_impl.go:232.28,233.10 1 0
chainmaker.org/chainmaker-go/module/core/syncmode/proposer/block_proposer_impl.go:235.62,236.10 1 0
chainmaker.org/chainmaker-go/module/core/syncmode/proposer/block_proposer_impl.go:253.69,254.18 1 1
chainmaker.org/chainmaker-go/module/core/syncmode/proposer/block_proposer_impl.go:259.2,260.27 2 1
chainmaker.org/chainmaker-go/module/core/syncmode/proposer/block_proposer_impl.go:264.2,266.34 2 1
chainmaker.org/chainmaker-go/module/core/syncmode/proposer/block_proposer_impl.go:254.18,258.3 2 0
chainmaker.org/chainmaker-go/module/core/syncmode/proposer/block_proposer_impl.go:260.27,263.3 2 0
chainmaker.org/chainmaker-go/module/core/syncmode/proposer/block_proposer_impl.go:271.45,272.15 1 1
chainmaker.org/chainmaker-go/module/core/syncmode/proposer/block_proposer_impl.go:277.2,278.22 2 1
chainmaker.org/chainmaker-go/module/core/syncmode/proposer/block_proposer_impl.go:283.2,287.18 2 1
chainmaker.org/chainmaker-go/module/core/syncmode/proposer/block_proposer_impl.go:292.2,292.22 1 1
chainmaker.org/chainmaker-go/module/core/syncmode/proposer/block_proposer_impl.go:296.2,300.58 3 1
chainmaker.org/chainmaker-go/module/core/syncmode/proposer/block_proposer_impl.go:306.2,306.21 1 1
chainmaker.org/chainmaker-go/module/core/syncmode/proposer/block_proposer_impl.go:272.15,273.26 1 1
chainmaker.org/chainmaker-go/module/core/syncmode/proposer/block_proposer_impl.go:273.26,275.4 1 0
chainmaker.org/chainmaker-go/module/core/syncmode/proposer/block_proposer_impl.go:278.22,281.3 2 0
chainmaker.org/chainmaker-go/module/core/syncmode/proposer/block_proposer_impl.go:287.18,291.3 2 0
chainmaker.org/chainmaker-go/module/core/syncmode/proposer/block_proposer_impl.go:292.22,295.3 2 0
chainmaker.org/chainmaker-go/module/core/syncmode/proposer/block_proposer_impl.go:300.58,301.13 1 0
chainmaker.org/chainmaker-go/module/core/syncmode/proposer/block_proposer_impl.go:301.13,303.4 1 0
chainmaker.org/chainmaker-go/module/core/syncmode/proposer/block_proposer_impl.go:310.87,317.30 5 1
chainmaker.org/chainmaker-go/module/core/syncmode/proposer/block_proposer_impl.go:323.2,336.6 3 1
chainmaker.org/chainmaker-go/module/core/syncmode/proposer/block_proposer_impl.go:365.2,367.100 2 1
chainmaker.org/chainmaker-go/module/core/syncmode/proposer/block_proposer_impl.go:373.2,374.34 2 1
chainmaker.org/chainmaker-go/module/core/syncmode/proposer/block_proposer_impl.go:390.2,397.16 2 1
chainmaker.org/chainmaker-go/module/core/syncmode/proposer/block_proposer_impl.go:412.2,426.54 7 0
chainmaker.org/chainmaker-go/module/core/syncmode/proposer/block_proposer_impl.go:429.2,429.14 1 0
chainmaker.org/chainmaker-go/module/core/syncmode/proposer/block_proposer_impl.go:317.30,318.111 1 0
chainmaker.org/chainmaker-go/module/core/syncmode/proposer/block_proposer_impl.go:318.111,320.4 1 0
chainmaker.org/chainmaker-go/module/core/syncmode/proposer/block_proposer_impl.go:336.6,344.27 6 1
chainmaker.org/chainmaker-go/module/core/syncmode/proposer/block_proposer_impl.go:349.3,352.25 4 1
chainmaker.org/chainmaker-go/module/core/syncmode/proposer/block_proposer_impl.go:359.3,359.25 1 1
chainmaker.org/chainmaker-go/module/core/syncmode/proposer/block_proposer_impl.go:344.27,347.4 2 0
chainmaker.org/chainmaker-go/module/core/syncmode/proposer/block_proposer_impl.go:352.25,358.4 2 0
chainmaker.org/chainmaker-go/module/core/syncmode/proposer/block_proposer_impl.go:359.25,362.9 2 1
chainmaker.org/chainmaker-go/module/core/syncmode/proposer/block_proposer_impl.go:367.100,371.3 2 0
chainmaker.org/chainmaker-go/module/core/syncmode/proposer/block_proposer_impl.go:374.34,380.44 3 0
chainmaker.org/chainmaker-go/module/core/syncmode/proposer/block_proposer_impl.go:387.3,387.85 1 0
chainmaker.org/chainmaker-go/module/core/syncmode/proposer/block_proposer_impl.go:380.44,382.4 1 0
chainmaker.org/chainmaker-go/module/core/syncmode/proposer/block_proposer_impl.go:382.9,385.4 2 0
chainmaker.org/chainmaker-go/module/core/syncmode/proposer/block_proposer_impl.go:397.16,399.82 1 1
chainmaker.org/chainmaker-go/module/core/syncmode/proposer/block_proposer_impl.go:403.3,403.44 1 1
chainmaker.org/chainmaker-go/module/core/syncmode/proposer/block_proposer_impl.go:409.3,410.13 2 1
chainmaker.org/chainmaker-go/module/core/syncmode/proposer/block_proposer_impl.go:399.82,401.4 1 0
chainmaker.org/chainmaker-go/module/core/syncmode/proposer/block_proposer_impl.go:403.44,405.4 1 1
chainmaker.org/chainmaker-go/module/core/syncmode/proposer/block_proposer_impl.go:405.9,407.4 1 0
chainmaker.org/chainmaker-go/module/core/syncmode/proposer/block_proposer_impl.go:426.54,428.3 1 0
chainmaker.org/chainmaker-go/module/core/syncmode/proposer/block_proposer_impl.go:433.89,435.2 1 0
chainmaker.org/chainmaker-go/module/core/syncmode/proposer/block_proposer_impl.go:439.79,443.42 4 1
chainmaker.org/chainmaker-go/module/core/syncmode/proposer/block_proposer_impl.go:447.2,450.26 4 1
chainmaker.org/chainmaker-go/module/core/syncmode/proposer/block_proposer_impl.go:455.2,456.83 2 1
chainmaker.org/chainmaker-go/module/core/syncmode/proposer/block_proposer_impl.go:443.42,446.3 1 1
chainmaker.org/chainmaker-go/module/core/syncmode/proposer/block_proposer_impl.go:450.26,454.3 3 1
chainmaker.org/chainmaker-go/module/core/syncmode/proposer/block_proposer_impl.go:461.87,463.2 0 1
chainmaker.org/chainmaker-go/module/core/syncmode/proposer/block_proposer_impl.go:466.72,467.14 1 1
chainmaker.org/chainmaker-go/module/core/syncmode/proposer/block_proposer_impl.go:470.2,470.25 1 1
chainmaker.org/chainmaker-go/module/core/syncmode/proposer/block_proposer_impl.go:467.14,469.3 1 0
chainmaker.org/chainmaker-go/module/core/syncmode/proposer/block_proposer_impl.go:470.25,475.3 3 0
chainmaker.org/chainmaker-go/module/core/syncmode/proposer/block_proposer_impl.go:479.52,483.14 3 1
chainmaker.org/chainmaker-go/module/core/syncmode/proposer/block_proposer_impl.go:488.2,488.14 1 1
chainmaker.org/chainmaker-go/module/core/syncmode/proposer/block_proposer_impl.go:483.14,487.3 3 1
chainmaker.org/chainmaker-go/module/core/syncmode/proposer/block_proposer_impl.go:493.58,494.62 1 1
chainmaker.org/chainmaker-go/module/core/syncmode/proposer/block_proposer_impl.go:497.2,499.19 3 1
chainmaker.org/chainmaker-go/module/core/syncmode/proposer/block_proposer_impl.go:502.2,502.51 1 1
chainmaker.org/chainmaker-go/module/core/syncmode/proposer/block_proposer_impl.go:494.62,496.3 1 1
chainmaker.org/chainmaker-go/module/core/syncmode/proposer/block_proposer_impl.go:499.19,501.3 1 0
chainmaker.org/chainmaker-go/module/core/syncmode/proposer/block_proposer_impl.go:509.55,510.62 1 1
chainmaker.org/chainmaker-go/module/core/syncmode/proposer/block_proposer_impl.go:513.2,513.51 1 1
chainmaker.org/chainmaker-go/module/core/syncmode/proposer/block_proposer_impl.go:510.62,512.3 1 1
chainmaker.org/chainmaker-go/module/core/syncmode/proposer/block_proposer_impl.go:517.48,520.13 3 1
chainmaker.org/chainmaker-go/module/core/syncmode/proposer/block_proposer_impl.go:524.2,524.14 1 1
chainmaker.org/chainmaker-go/module/core/syncmode/proposer/block_proposer_impl.go:520.13,523.3 2 1
chainmaker.org/chainmaker-go/module/core/syncmode/proposer/block_proposer_impl.go:528.44,532.2 3 1
chainmaker.org/chainmaker-go/module/core/syncmode/proposer/block_proposer_impl.go:535.40,539.2 3 1
chainmaker.org/chainmaker-go/module/core/syncmode/proposer/block_proposer_impl.go:542.69,546.20 4 1
chainmaker.org/chainmaker-go/module/core/syncmode/proposer/block_proposer_impl.go:546.20,548.3 1 1
chainmaker.org/chainmaker-go/module/core/syncmode/proposer/block_proposer_impl.go:548.8,550.3 1 1
chainmaker.org/chainmaker-go/module/core/syncmode/proposer/block_proposer_impl.go:554.52,558.2 3 1
chainmaker.org/chainmaker-go/module/core/syncmode/proposer/block_proposer_impl.go:561.111,564.2 1 0
chainmaker.org/chainmaker-go/module/core/syncmode/proposer/block_proposer_impl.go:567.110,569.43 1 0
chainmaker.org/chainmaker-go/module/core/syncmode/proposer/block_proposer_impl.go:575.2,578.36 3 0
chainmaker.org/chainmaker-go/module/core/syncmode/proposer/block_proposer_impl.go:583.2,583.18 1 0
chainmaker.org/chainmaker-go/module/core/syncmode/proposer/block_proposer_impl.go:594.2,597.31 4 0
chainmaker.org/chainmaker-go/module/core/syncmode/proposer/block_proposer_impl.go:607.2,607.31 1 0
chainmaker.org/chainmaker-go/module/core/syncmode/proposer/block_proposer_impl.go:614.2,616.47 2 0
chainmaker.org/chainmaker-go/module/core/syncmode/proposer/block_proposer_impl.go:569.43,572.3 2 0
chainmaker.org/chainmaker-go/module/core/syncmode/proposer/block_proposer_impl.go:578.36,580.3 1 0
chainmaker.org/chainmaker-go/module/core/syncmode/proposer/block_proposer_impl.go:583.18,586.28 3 0
chainmaker.org/chainmaker-go/module/core/syncmode/proposer/block_proposer_impl.go:589.3,590.9 2 0
chainmaker.org/chainmaker-go/module/core/syncmode/proposer/block_proposer_impl.go:586.28,588.4 1 0
chainmaker.org/chainmaker-go/module/core/syncmode/proposer/block_proposer_impl.go:597.31,598.49 1 0
chainmaker.org/chainmaker-go/module/core/syncmode/proposer/block_proposer_impl.go:598.49,599.31 1 0
chainmaker.org/chainmaker-go/module/core/syncmode/proposer/block_proposer_impl.go:599.31,602.10 3 0
chainmaker.org/chainmaker-go/module/core/syncmode/proposer/block_proposer_impl.go:607.31,608.44 1 0
chainmaker.org/chainmaker-go/module/core/syncmode/proposer/block_proposer_impl.go:608.44,610.4 1 0
chainmaker.org/chainmaker-go/module/core/syncmode/proposer/block_proposer_impl.go:623.97,626.9 2 1
chainmaker.org/chainmaker-go/module/core/syncmode/proposer/block_proposer_impl.go:632.2,632.37 1 0
chainmaker.org/chainmaker-go/module/core/syncmode/proposer/block_proposer_impl.go:626.9,630.3 3 1
chainmaker.org/chainmaker-go/module/core/syncmode/proposer/block_proposer_impl.go:633.13,634.22 1 0
chainmaker.org/chainmaker-go/module/core/syncmode/proposer/block_proposer_impl.go:635.10,640.31 4 0
chainmaker.org/chainmaker-go/module/core/syncmode/proposer/block_proposer_impl.go:645.81,648.41 2 0
chainmaker.org/chainmaker-go/module/core/syncmode/proposer/block_proposer_impl.go:654.2,654.17 1 0
chainmaker.org/chainmaker-go/module/core/syncmode/proposer/block_proposer_impl.go:648.41,650.3 1 0
chainmaker.org/chainmaker-go/module/core/syncmode/proposer/block_proposer_impl.go:650.8,652.3 1 0
chainmaker.org/chainmaker-go/module/core/syncmode/proposer/block_proposer_impl.go:659.80,660.43 1 1
chainmaker.org/chainmaker-go/module/core/syncmode/proposer/block_proposer_impl.go:668.2,668.45 1 1
chainmaker.org/chainmaker-go/module/core/syncmode/proposer/block_proposer_impl.go:660.43,666.3 3 0
chainmaker.org/chainmaker-go/module/core/syncmode/proposer/block_proposer_impl.go:672.84,675.33 2 0
chainmaker.org/chainmaker-go/module/core/syncmode/proposer/block_proposer_impl.go:679.2,679.19 1 0
chainmaker.org/chainmaker-go/module/core/syncmode/proposer/block_proposer_impl.go:675.33,677.3 1 0
chainmaker.org/chainmaker-go/module/core/syncmode/proposer/block_proposer_impl.go:685.105,687.43 1 0
chainmaker.org/chainmaker-go/module/core/syncmode/proposer/block_proposer_impl.go:696.2,697.43 2 0
chainmaker.org/chainmaker-go/module/core/syncmode/proposer/block_proposer_impl.go:687.43,693.3 3 0
chainmaker.org/chainmaker-go/module/core/syncmode/proposer/block_proposer_impl.go:701.87,703.65 1 0
chainmaker.org/chainmaker-go/module/core/syncmode/proposer/block_proposer_impl.go:760.2,767.43 2 0
chainmaker.org/chainmaker-go/module/core/syncmode/proposer/block_proposer_impl.go:776.2,778.13 2 0
chainmaker.org/chainmaker-go/module/core/syncmode/proposer/block_proposer_impl.go:703.65,709.54 1 0
chainmaker.org/chainmaker-go/module/core/syncmode/proposer/block_proposer_impl.go:726.3,729.17 3 0
chainmaker.org/chainmaker-go/module/core/syncmode/proposer/block_proposer_impl.go:734.3,734.19 1 0
chainmaker.org/chainmaker-go/module/core/syncmode/proposer/block_proposer_impl.go:738.3,738.55 1 0
chainmaker.org/chainmaker-go/module/core/syncmode/proposer/block_proposer_impl.go:757.3,757.15 1 0
chainmaker.org/chainmaker-go/module/core/syncmode/proposer/block_proposer_impl.go:709.54,712.45 2 0
chainmaker.org/chainmaker-go/module/core/syncmode/proposer/block_proposer_impl.go:722.4,723.15 2 0
chainmaker.org/chainmaker-go/module/core/syncmode/proposer/block_proposer_impl.go:712.45,714.19 2 0
chainmaker.org/chainmaker-go/module/core/syncmode/proposer/block_proposer_impl.go:718.5,719.16 2 0
chainmaker.org/chainmaker-go/module/core/syncmode/proposer/block_proposer_impl.go:714.19,717.6 1 0
chainmaker.org/chainmaker-go/module/core/syncmode/proposer/block_proposer_impl.go:729.17,732.4 2 0
chainmaker.org/chainmaker-go/module/core/syncmode/proposer/block_proposer_impl.go:734.19,736.4 1 0
chainmaker.org/chainmaker-go/module/core/syncmode/proposer/block_proposer_impl.go:738.55,745.43 4 0
chainmaker.org/chainmaker-go/module/core/syncmode/proposer/block_proposer_impl.go:751.4,755.40 2 0
chainmaker.org/chainmaker-go/module/core/syncmode/proposer/block_proposer_impl.go:745.43,747.5 1 0
chainmaker.org/chainmaker-go/module/core/syncmode/proposer/block_proposer_impl.go:747.10,749.5 1 0
chainmaker.org/chainmaker-go/module/core/syncmode/proposer/block_proposer_impl.go:767.43,769.17 2 0
chainmaker.org/chainmaker-go/module/core/syncmode/proposer/block_proposer_impl.go:772.3,773.14 2 0
chainmaker.org/chainmaker-go/module/core/syncmode/proposer/block_proposer_impl.go:769.17,771.4 1 0
chainmaker.org/chainmaker-go/module/core/syncmode/proposer/block_generator.go:16.35,26.2 1 1
chainmaker.org/chainmaker-go/module/core/common/tx_helper.go:39.100,45.2 1 0
chainmaker.org/chainmaker-go/module/core/common/tx_helper.go:59.52,60.19 1 0
chainmaker.org/chainmaker-go/module/core/common/tx_helper.go:60.19,64.3 3 0
chainmaker.org/chainmaker-go/module/core/common/tx_helper.go:75.15,78.34 2 0
chainmaker.org/chainmaker-go/module/core/common/tx_helper.go:92.2,92.19 1 0
chainmaker.org/chainmaker-go/module/core/common/tx_helper.go:78.34,80.34 2 0
chainmaker.org/chainmaker-go/module/core/common/tx_helper.go:84.3,84.28 1 0
chainmaker.org/chainmaker-go/module/core/common/tx_helper.go:89.3,89.31 1 0
chainmaker.org/chainmaker-go/module/core/common/tx_helper.go:80.34,82.4 1 0
chainmaker.org/chainmaker-go/module/core/common/tx_helper.go:84.28,85.31 1 0
chainmaker.org/chainmaker-go/module/core/common/tx_helper.go:85.31,87.5 1 0
chainmaker.org/chainmaker-go/module/core/common/tx_helper.go:100.71,102.36 1 0
chainmaker.org/chainmaker-go/module/core/common/tx_helper.go:115.2,116.13 2 0
chainmaker.org/chainmaker-go/module/core/common/tx_helper.go:130.2,137.39 3 0
chainmaker.org/chainmaker-go/module/core/common/tx_helper.go:146.2,149.27 3 0
chainmaker.org/chainmaker-go/module/core/common/tx_helper.go:153.2,156.81 3 0
chainmaker.org/chainmaker-go/module/core/common/tx_helper.go:161.2,165.12 3 0
chainmaker.org/chainmaker-go/module/core/common/tx_helper.go:102.36,104.66 2 0
chainmaker.org/chainmaker-go/module/core/common/tx_helper.go:112.3,112.13 1 0
chainmaker.org/chainmaker-go/module/core/common/tx_helper.go:104.66,109.4 2 0
chainmaker.org/chainmaker-go/module/core/common/tx_helper.go:116.13,118.66 2 0
chainmaker.org/chainmaker-go/module/core/common/tx_helper.go:126.3,126.40 1 0
chainmaker.org/chainmaker-go/module/core/common/tx_helper.go:118.66,123.4 2 0
chainmaker.org/chainmaker-go/module/core/common/tx_helper.go:126.40,128.4 1 0
chainmaker.org/chainmaker-go/module/core/common/tx_helper.go:137.39,138.40 1 0
chainmaker.org/chainmaker-go/module/core/common/tx_helper.go:138.40,140.4 1 0
chainmaker.org/chainmaker-go/module/core/common/tx_helper.go:140.9,142.4 1 0
chainmaker.org/chainmaker-go/module/core/common/tx_helper.go:149.27,152.3 2 0
chainmaker.org/chainmaker-go/module/core/common/tx_helper.go:156.81,159.3 2 0
chainmaker.org/chainmaker-go/module/core/common/tx_helper.go:170.91,174.42 3 0
chainmaker.org/chainmaker-go/module/core/common/tx_helper.go:178.2,178.40 1 0
chainmaker.org/chainmaker-go/module/core/common/tx_helper.go:189.2,189.32 1 0
chainmaker.org/chainmaker-go/module/core/common/tx_helper.go:174.42,177.3 1 0
chainmaker.org/chainmaker-go/module/core/common/tx_helper.go:178.40,180.42 2 0
chainmaker.org/chainmaker-go/module/core/common/tx_helper.go:185.3,186.50 2 0
chainmaker.org/chainmaker-go/module/core/common/tx_helper.go:180.42,184.4 1 0
chainmaker.org/chainmaker-go/module/core/common/tx_helper.go:193.103,195.21 2 0
chainmaker.org/chainmaker-go/module/core/common/tx_helper.go:199.2,199.31 1 0
chainmaker.org/chainmaker-go/module/core/common/tx_helper.go:204.2,204.14 1 0
chainmaker.org/chainmaker-go/module/core/common/tx_helper.go:195.21,197.3 1 0
chainmaker.org/chainmaker-go/module/core/common/tx_helper.go:199.31,200.47 1 0
chainmaker.org/chainmaker-go/module/core/common/tx_helper.go:200.47,202.4 1 0
chainmaker.org/chainmaker-go/module/core/common/tx_helper.go:209.87,212.16 2 0
chainmaker.org/chainmaker-go/module/core/common/tx_helper.go:216.2,217.16 2 0
chainmaker.org/chainmaker-go/module/core/common/tx_helper.go:221.2,221.46 1 0
chainmaker.org/chainmaker-go/module/core/common/tx_helper.go:224.2,224.12 1 0
chainmaker.org/chainmaker-go/module/core/common/tx_helper.go:212.16,214.3 1 0
chainmaker.org/chainmaker-go/module/core/common/tx_helper.go:217.16,219.3 1 0
chainmaker.org/chainmaker-go/module/core/common/tx_helper.go:221.46,223.3 1 0
chainmaker.org/chainmaker-go/module/core/common/tx_helper.go:229.78,232.16 2 0
chainmaker.org/chainmaker-go/module/core/common/tx_helper.go:235.2,236.16 2 0
chainmaker.org/chainmaker-go/module/core/common/tx_helper.go:239.2,239.46 1 0
chainmaker.org/chainmaker-go/module/core/common/tx_helper.go:247.2,247.12 1 0
chainmaker.org/chainmaker-go/module/core/common/tx_helper.go:232.16,234.3 1 0
chainmaker.org/chainmaker-go/module/core/common/tx_helper.go:236.16,238.3 1 0
chainmaker.org/chainmaker-go/module/core/common/tx_helper.go:239.46,246.3 5 0
chainmaker.org/chainmaker-go/module/core/common/tx_helper.go:252.26,253.35 1 0
chainmaker.org/chainmaker-go/module/core/common/tx_helper.go:257.2,257.50 1 0
chainmaker.org/chainmaker-go/module/core/common/tx_helper.go:262.2,262.12 1 0
chainmaker.org/chainmaker-go/module/core/common/tx_helper.go:253.35,256.3 1 0
chainmaker.org/chainmaker-go/module/core/common/tx_helper.go:257.50,261.3 2 0
chainmaker.org/chainmaker-go/module/core/common/tx_helper.go:310.56,323.2 1 0
chainmaker.org/chainmaker-go/module/core/common/tx_helper.go:328.64,341.48 11 0
chainmaker.org/chainmaker-go/module/core/common/tx_helper.go:347.2,355.33 6 0
[...]
chainmaker.org/chainmaker-go/module/core/common/block_helper.go:963.2,963.45 1 0
chainmaker.org/chainmaker-go/module/core/common/block_helper.go:959.60,961.3 1 0
chainmaker.org/chainmaker-go/module/core/common/block_helper.go:968.77,970.37 2 0
chainmaker.org/chainmaker-go/module/core/common/block_helper.go:977.2,979.16 3 0
chainmaker.org/chainmaker-go/module/core/common/block_helper.go:982.2,982.12 1 0
chainmaker.org/chainmaker-go/module/core/common/block_helper.go:988.2,988.12 1 0
chainmaker.org/chainmaker-go/module/core/common/block_helper.go:970.37,972.10 2 0
chainmaker.org/chainmaker-go/module/core/common/block_helper.go:975.3,975.34 1 0
chainmaker.org/chainmaker-go/module/core/common/block_helper.go:972.10,974.4 1 0
chainmaker.org/chainmaker-go/module/core/common/block_helper.go:979.16,981.3 1 0
chainmaker.org/chainmaker-go/module/core/common/block_helper.go:982.12,987.3 2 0
chainmaker.org/chainmaker-go/module/core/common/block_helper.go:1071.107,1097.54 2 0
chainmaker.org/chainmaker-go/module/core/common/block_helper.go:1101.2,1101.24 1 0
chainmaker.org/chainmaker-go/module/core/common/block_helper.go:1097.54,1099.3 1 0
chainmaker.org/chainmaker-go/module/core/common/block_helper.go:1105.74,1107.22 2 0
chainmaker.org/chainmaker-go/module/core/common/block_helper.go:1113.2,1113.60 1 0
chainmaker.org/chainmaker-go/module/core/common/block_helper.go:1117.2,1117.62 1 0
chainmaker.org/chainmaker-go/module/core/common/block_helper.go:1121.2,1121.71 1 0
chainmaker.org/chainmaker-go/module/core/common/block_helper.go:1126.2,1127.63 2 0
chainmaker.org/chainmaker-go/module/core/common/block_helper.go:1132.2,1132.12 1 0
chainmaker.org/chainmaker-go/module/core/common/block_helper.go:1107.22,1111.3 1 0
chainmaker.org/chainmaker-go/module/core/common/block_helper.go:1113.60,1115.3 1 0
chainmaker.org/chainmaker-go/module/core/common/block_helper.go:1117.62,1119.3 1 0
chainmaker.org/chainmaker-go/module/core/common/block_helper.go:1121.71,1124.3 1 0
chainmaker.org/chainmaker-go/module/core/common/block_helper.go:1127.63,1130.3 1 0
chainmaker.org/chainmaker-go/module/core/common/block_helper.go:1136.78,1137.15 1 1
chainmaker.org/chainmaker-go/module/core/common/block_helper.go:1158.2,1165.49 6 1
chainmaker.org/chainmaker-go/module/core/common/block_helper.go:1174.2,1175.25 2 0
chainmaker.org/chainmaker-go/module/core/common/block_helper.go:1184.2,1189.16 4 0
chainmaker.org/chainmaker-go/module/core/common/block_helper.go:1195.2,1197.16 3 0
chainmaker.org/chainmaker-go/module/core/common/block_helper.go:1201.2,1201.36 1 0
chainmaker.org/chainmaker-go/module/core/common/block_helper.go:1209.2,1227.54 10 0
chainmaker.org/chainmaker-go/module/core/common/block_helper.go:1230.2,1230.12 1 0
chainmaker.org/chainmaker-go/module/core/common/block_helper.go:1137.15,1138.49 1 1
chainmaker.org/chainmaker-go/module/core/common/block_helper.go:1146.3,1146.17 1 0
chainmaker.org/chainmaker-go/module/core/common/block_helper.go:1138.49,1140.89 1 1
chainmaker.org/chainmaker-go/module/core/common/block_helper.go:1144.4,1144.69 1 1
chainmaker.org/chainmaker-go/module/core/common/block_helper.go:1140.89,1142.5 1 0
chainmaker.org/chainmaker-go/module/core/common/block_helper.go:1146.17,1147.51 1 0
chainmaker.org/chainmaker-go/module/core/common/block_helper.go:1151.4,1151.89 1 0
chainmaker.org/chainmaker-go/module/core/common/block_helper.go:1147.51,1150.5 2 0
chainmaker.org/chainmaker-go/module/core/common/block_helper.go:1151.89,1153.43 2 0
chainmaker.org/chainmaker-go/module/core/common/block_helper.go:1165.49,1166.50 1 0
chainmaker.org/chainmaker-go/module/core/common/block_helper.go:1171.3,1172.13 2 0
chainmaker.org/chainmaker-go/module/core/common/block_helper.go:1166.50,1169.4 2 0
chainmaker.org/chainmaker-go/module/core/common/block_helper.go:1175.25,1176.97 1 0
chainmaker.org/chainmaker-go/module/core/common/block_helper.go:1176.97,1178.4 1 0
chainmaker.org/chainmaker-go/module/core/common/block_helper.go:1179.8,1179.57 1 0
chainmaker.org/chainmaker-go/module/core/common/block_helper.go:1179.57,1182.3 1 0
chainmaker.org/chainmaker-go/module/core/common/block_helper.go:1189.16,1192.3 1 0
chainmaker.org/chainmaker-go/module/core/common/block_helper.go:1197.16,1199.3 1 0
chainmaker.org/chainmaker-go/module/core/common/block_helper.go:1201.36,1204.3 2 0
chainmaker.org/chainmaker-go/module/core/common/block_helper.go:1204.8,1207.3 2 0
chainmaker.org/chainmaker-go/module/core/common/block_helper.go:1227.54,1229.3 1 0
chainmaker.org/chainmaker-go/module/core/common/block_helper.go:1235.54,1243.36 7 0
chainmaker.org/chainmaker-go/module/core/common/block_helper.go:1270.2,1270.31 1 0
chainmaker.org/chainmaker-go/module/core/common/block_helper.go:1273.2,1273.35 1 0
chainmaker.org/chainmaker-go/module/core/common/block_helper.go:1284.2,1284.38 1 0
chainmaker.org/chainmaker-go/module/core/common/block_helper.go:1243.36,1245.17 2 0
chainmaker.org/chainmaker-go/module/core/common/block_helper.go:1248.3,1248.36 1 0
chainmaker.org/chainmaker-go/module/core/common/block_helper.go:1251.3,1251.36 1 0
chainmaker.org/chainmaker-go/module/core/common/block_helper.go:1266.3,1266.44 1 0
chainmaker.org/chainmaker-go/module/core/common/block_helper.go:1245.17,1247.4 1 0
chainmaker.org/chainmaker-go/module/core/common/block_helper.go:1248.36,1250.4 1 0
chainmaker.org/chainmaker-go/module/core/common/block_helper.go:1251.36,1252.63 1 0
chainmaker.org/chainmaker-go/module/core/common/block_helper.go:1256.4,1257.18 2 0
chainmaker.org/chainmaker-go/module/core/common/block_helper.go:1260.4,1260.47 1 0
chainmaker.org/chainmaker-go/module/core/common/block_helper.go:1252.63,1253.13 1 0
chainmaker.org/chainmaker-go/module/core/common/block_helper.go:1257.18,1259.5 1 0
chainmaker.org/chainmaker-go/module/core/common/block_helper.go:1260.47,1261.49 1 0
chainmaker.org/chainmaker-go/module/core/common/block_helper.go:1261.49,1263.6 1 0
chainmaker.org/chainmaker-go/module/core/common/block_helper.go:1270.31,1272.3 1 0
chainmaker.org/chainmaker-go/module/core/common/block_helper.go:1273.35,1274.62 1 0
chainmaker.org/chainmaker-go/module/core/common/block_helper.go:1277.3,1277.28 1 0
chainmaker.org/chainmaker-go/module/core/common/block_helper.go:1274.62,1275.12 1 0
chainmaker.org/chainmaker-go/module/core/common/block_helper.go:1277.28,1278.46 1 0
chainmaker.org/chainmaker-go/module/core/common/block_helper.go:1278.46,1280.5 1 0
chainmaker.org/chainmaker-go/module/core/common/block_helper.go:1289.94,1291.16 2 0
chainmaker.org/chainmaker-go/module/core/common/block_helper.go:1297.2,1298.25 2 0
chainmaker.org/chainmaker-go/module/core/common/block_helper.go:1303.2,1303.49 1 0
chainmaker.org/chainmaker-go/module/core/common/block_helper.go:1291.16,1295.3 2 0
chainmaker.org/chainmaker-go/module/core/common/block_helper.go:1298.25,1302.3 2 0
chainmaker.org/chainmaker-go/module/core/common/block_helper.go:1307.69,1311.74 2 0
chainmaker.org/chainmaker-go/module/core/common/block_helper.go:1314.2,1314.14 1 0
chainmaker.org/chainmaker-go/module/core/common/block_helper.go:1311.74,1313.3 1 0
chainmaker.org/chainmaker-go/module/core/common/block_helper.go:1321.50,1324.16 2 0
chainmaker.org/chainmaker-go/module/core/common/block_helper.go:1328.2,1330.16 3 0
chainmaker.org/chainmaker-go/module/core/common/block_helper.go:1334.2,1334.24 1 0
chainmaker.org/chainmaker-go/module/core/common/block_helper.go:1324.16,1326.3 1 0
chainmaker.org/chainmaker-go/module/core/common/block_helper.go:1330.16,1332.3 1 0
chainmaker.org/chainmaker-go/module/core/common/block_helper.go:1338.125,1343.36 4 0
chainmaker.org/chainmaker-go/module/core/common/block_helper.go:1354.2,1355.27 2 0
chainmaker.org/chainmaker-go/module/core/common/block_helper.go:1368.2,1373.113 2 0
chainmaker.org/chainmaker-go/module/core/common/block_helper.go:1377.2,1379.19 2 0
chainmaker.org/chainmaker-go/module/core/common/block_helper.go:1343.36,1347.49 2 0
chainmaker.org/chainmaker-go/module/core/common/block_helper.go:1351.3,1351.20 1 0
chainmaker.org/chainmaker-go/module/core/common/block_helper.go:1347.49,1349.4 1 0
chainmaker.org/chainmaker-go/module/core/common/block_helper.go:1355.27,1367.3 2 0
chainmaker.org/chainmaker-go/module/core/common/block_helper.go:1373.113,1375.3 1 0
chainmaker.org/chainmaker-go/module/core/common/block_helper.go:1390.61,1392.31 1 0
chainmaker.org/chainmaker-go/module/core/common/block_helper.go:1396.2,1396.36 1 0
chainmaker.org/chainmaker-go/module/core/common/block_helper.go:1400.2,1400.77 1 0
chainmaker.org/chainmaker-go/module/core/common/block_helper.go:1392.31,1394.3 1 0
chainmaker.org/chainmaker-go/module/core/common/block_helper.go:1396.36,1398.3 1 0
chainmaker.org/chainmaker-go/module/core/common/block_helper.go:1411.61,1413.63 1 0
chainmaker.org/chainmaker-go/module/core/common/block_helper.go:1492.2,1493.16 2 0
chainmaker.org/chainmaker-go/module/core/common/block_helper.go:1497.2,1502.18 1 0
chainmaker.org/chainmaker-go/module/core/common/block_helper.go:1413.63,1425.19 5 0
chainmaker.org/chainmaker-go/module/core/common/block_helper.go:1429.3,1430.17 2 0
chainmaker.org/chainmaker-go/module/core/common/block_helper.go:1434.3,1435.17 2 0
chainmaker.org/chainmaker-go/module/core/common/block_helper.go:1439.3,1439.25 1 0
chainmaker.org/chainmaker-go/module/core/common/block_helper.go:1452.3,1458.17 2 0
chainmaker.org/chainmaker-go/module/core/common/block_helper.go:1462.3,1463.26 2 0
chainmaker.org/chainmaker-go/module/core/common/block_helper.go:1468.3,1468.49 1 0
chainmaker.org/chainmaker-go/module/core/common/block_helper.go:1476.3,1479.47 2 0
chainmaker.org/chainmaker-go/module/core/common/block_helper.go:1485.3,1485.29 1 0
chainmaker.org/chainmaker-go/module/core/common/block_helper.go:1489.3,1489.33 1 0
chainmaker.org/chainmaker-go/module/core/common/block_helper.go:1425.19,1427.4 1 0
chainmaker.org/chainmaker-go/module/core/common/block_helper.go:1430.17,1432.4 1 0
chainmaker.org/chainmaker-go/module/core/common/block_helper.go:1435.17,1437.4 1 0
chainmaker.org/chainmaker-go/module/core/common/block_helper.go:1439.25,1440.38 1 0
chainmaker.org/chainmaker-go/module/core/common/block_helper.go:1444.4,1449.20 1 0
chainmaker.org/chainmaker-go/module/core/common/block_helper.go:1440.38,1443.5 1 0
chainmaker.org/chainmaker-go/module/core/common/block_helper.go:1458.17,1460.4 1 0
chainmaker.org/chainmaker-go/module/core/common/block_helper.go:1463.26,1465.4 1 0
chainmaker.org/chainmaker-go/module/core/common/block_helper.go:1468.49,1469.50 1 0
chainmaker.org/chainmaker-go/module/core/common/block_helper.go:1473.4,1473.41 1 0
chainmaker.org/chainmaker-go/module/core/common/block_helper.go:1469.50,1472.5 1 0
chainmaker.org/chainmaker-go/module/core/common/block_helper.go:1479.47,1483.4 1 0
chainmaker.org/chainmaker-go/module/core/common/block_helper.go:1485.29,1487.4 1 0
chainmaker.org/chainmaker-go/module/core/common/block_helper.go:1493.16,1495.3 1 0
chainmaker.org/chainmaker-go/module/core/common/block_helper.go:1513.61,1516.54 1 0
chainmaker.org/chainmaker-go/module/core/common/block_helper.go:1564.2,1569.13 1 0
chainmaker.org/chainmaker-go/module/core/common/block_helper.go:1516.54,1530.17 6 0
chainmaker.org/chainmaker-go/module/core/common/block_helper.go:1535.3,1535.49 1 0
chainmaker.org/chainmaker-go/module/core/common/block_helper.go:1547.3,1549.17 2 0
chainmaker.org/chainmaker-go/module/core/common/block_helper.go:1553.3,1553.28 1 0
chainmaker.org/chainmaker-go/module/core/common/block_helper.go:1560.3,1560.28 1 0
chainmaker.org/chainmaker-go/module/core/common/block_helper.go:1530.17,1532.4 1 0
chainmaker.org/chainmaker-go/module/core/common/block_helper.go:1535.49,1545.4 1 0
chainmaker.org/chainmaker-go/module/core/common/block_helper.go:1549.17,1551.4 1 0
chainmaker.org/chainmaker-go/module/core/common/block_helper.go:1553.28,1558.4 3 0
chainmaker.org/chainmaker-go/module/core/common/block_helper.go:1579.61,1582.91 2 0
chainmaker.org/chainmaker-go/module/core/common/block_helper.go:1589.2,1591.16 2 0
chainmaker.org/chainmaker-go/module/core/common/block_helper.go:1595.2,1595.52 1 0
chainmaker.org/chainmaker-go/module/core/common/block_helper.go:1602.2,1604.27 2 0
chainmaker.org/chainmaker-go/module/core/common/block_helper.go:1582.91,1587.3 1 0
chainmaker.org/chainmaker-go/module/core/common/block_helper.go:1591.16,1593.3 1 0
chainmaker.org/chainmaker-go/module/core/common/block_helper.go:1595.52,1600.3 3 0
chainmaker.org/chainmaker-go/module/core/common/block_helper.go:1609.82,1612.42 2 1
chainmaker.org/chainmaker-go/module/core/common/block_helper.go:1616.2,1617.34 2 1
chainmaker.org/chainmaker-go/module/core/common/block_helper.go:1621.2,1627.25 3 1
chainmaker.org/chainmaker-go/module/core/common/block_helper.go:1633.2,1635.16 3 1
chainmaker.org/chainmaker-go/module/core/common/block_helper.go:1639.2,1639.20 1 1
chainmaker.org/chainmaker-go/module/core/common/block_helper.go:1612.42,1614.3 1 1
chainmaker.org/chainmaker-go/module/core/common/block_helper.go:1617.34,1619.3 1 1
chainmaker.org/chainmaker-go/module/core/common/block_helper.go:1627.25,1628.48 1 1
chainmaker.org/chainmaker-go/module/core/common/block_helper.go:1628.48,1630.4 1 1
chainmaker.org/chainmaker-go/module/core/common/block_helper.go:1635.16,1637.3 1 0
chainmaker.org/chainmaker-go/module/core/common/block_helper.go:1643.73,1647.16 3 1
chainmaker.org/chainmaker-go/module/core/common/block_helper.go:1651.2,1651.25 1 1
chainmaker.org/chainmaker-go/module/core/common/block_helper.go:1647.16,1649.3 1 0
chainmaker.org/chainmaker-go/module/core/common/block_helper.go:1661.48,1706.16 9 0
chainmaker.org/chainmaker-go/module/core/common/block_helper.go:1721.2,1722.16 2 0
chainmaker.org/chainmaker-go/module/core/common/block_helper.go:1706.16,1708.23 1 0
chainmaker.org/chainmaker-go/module/core/common/block_helper.go:1708.23,1710.18 2 0
chainmaker.org/chainmaker-go/module/core/common/block_helper.go:1710.18,1712.5 1 0
chainmaker.org/chainmaker-go/module/core/common/block_helper.go:1712.10,1714.5 1 0
chainmaker.org/chainmaker-go/module/core/common/block_helper.go:1716.8,1718.3 1 0
chainmaker.org/chainmaker-go/module/core/common/block_helper.go:1722.16,1724.27 1 0
chainmaker.org/chainmaker-go/module/core/common/block_helper.go:1724.27,1726.18 2 0
chainmaker.org/chainmaker-go/module/core/common/block_helper.go:1726.18,1728.5 1 0
chainmaker.org/chainmaker-go/module/core/common/block_helper.go:1728.10,1730.5 1 0
chainmaker.org/chainmaker-go/module/core/common/block_helper.go:1732.8,1734.3 1 0
chainmaker.org/chainmaker-go/module/core/common/block_helper.go:1738.97,1740.16 2 0
chainmaker.org/chainmaker-go/module/core/common/block_helper.go:1743.2,1757.16 11 0
chainmaker.org/chainmaker-go/module/core/common/block_helper.go:1766.2,1767.16 2 0
chainmaker.org/chainmaker-go/module/core/common/block_helper.go:1740.16,1742.3 1 0
chainmaker.org/chainmaker-go/module/core/common/block_helper.go:1757.16,1759.17 2 0
chainmaker.org/chainmaker-go/module/core/common/block_helper.go:1759.17,1761.4 1 0
chainmaker.org/chainmaker-go/module/core/common/block_helper.go:1762.8,1764.3 1 0
chainmaker.org/chainmaker-go/module/core/common/block_helper.go:1767.16,1769.17 2 0
chainmaker.org/chainmaker-go/module/core/common/block_helper.go:1769.17,1771.4 1 0
chainmaker.org/chainmaker-go/module/core/common/block_helper.go:1772.8,1774.3 1 0
chainmaker.org/chainmaker-go/module/core/common/block_helper.go:1778.35,1779.64 1 0
chainmaker.org/chainmaker-go/module/core/common/block_helper.go:1779.64,1782.3 2 0
chainmaker.org/chainmaker-go/module/core/common/committer.go:42.13,48.50 3 0
chainmaker.org/chainmaker-go/module/core/common/committer.go:57.2,58.55 2 0
chainmaker.org/chainmaker-go/module/core/common/committer.go:63.2,69.81 4 0
chainmaker.org/chainmaker-go/module/core/common/committer.go:77.2,81.70 3 0
chainmaker.org/chainmaker-go/module/core/common/committer.go:87.2,89.49 2 0
chainmaker.org/chainmaker-go/module/core/common/committer.go:98.2,108.8 5 0
chainmaker.org/chainmaker-go/module/core/common/committer.go:48.50,51.56 2 0
chainmaker.org/chainmaker-go/module/core/common/committer.go:54.3,54.63 1 0
chainmaker.org/chainmaker-go/module/core/common/committer.go:51.56,53.4 1 0
chainmaker.org/chainmaker-go/module/core/common/committer.go:58.55,61.13 2 0
chainmaker.org/chainmaker-go/module/core/common/committer.go:69.81,71.17 2 0
chainmaker.org/chainmaker-go/module/core/common/committer.go:71.17,74.14 2 0
chainmaker.org/chainmaker-go/module/core/common/committer.go:81.70,86.3 3 0
chainmaker.org/chainmaker-go/module/core/common/committer.go:89.49,92.61 2 0
chainmaker.org/chainmaker-go/module/core/common/committer.go:95.3,95.63 1 0
chainmaker.org/chainmaker-go/module/core/common/committer.go:92.61,94.4 1 0
chainmaker.org/chainmaker-go/module/core/common/committer.go:112.108,113.22 1 0
chainmaker.org/chainmaker-go/module/core/common/committer.go:117.2,118.36 2 0
chainmaker.org/chainmaker-go/module/core/common/committer.go:122.2,123.27 2 0
chainmaker.org/chainmaker-go/module/core/common/committer.go:135.2,136.73 2 0
chainmaker.org/chainmaker-go/module/core/common/committer.go:113.22,115.3 1 0
chainmaker.org/chainmaker-go/module/core/common/committer.go:118.36,121.3 1 0
chainmaker.org/chainmaker-go/module/core/common/committer.go:123.27,134.3 2 0
chainmaker.org/chainmaker-go/module/core/common/committer.go:140.78,142.24 2 0
chainmaker.org/chainmaker-go/module/core/common/committer.go:145.2,145.31 1 0
chainmaker.org/chainmaker-go/module/core/common/committer.go:150.2,150.17 1 0
chainmaker.org/chainmaker-go/module/core/common/committer.go:142.24,144.3 1 0
chainmaker.org/chainmaker-go/module/core/common/committer.go:145.31,146.52 1 0
chainmaker.org/chainmaker-go/module/core/common/committer.go:146.52,148.4 1 0
chainmaker.org/chainmaker-go/module/core/common/committer.go:154.107,155.46 1 0
chainmaker.org/chainmaker-go/module/core/common/committer.go:159.2,159.58 1 0
chainmaker.org/chainmaker-go/module/core/common/committer.go:163.2,163.31 1 0
chainmaker.org/chainmaker-go/module/core/common/committer.go:175.2,175.12 1 0
chainmaker.org/chainmaker-go/module/core/common/committer.go:155.46,157.3 1 0
chainmaker.org/chainmaker-go/module/core/common/committer.go:159.58,161.3 1 0
chainmaker.org/chainmaker-go/module/core/common/committer.go:163.31,165.21 2 0
chainmaker.org/chainmaker-go/module/core/common/committer.go:168.3,169.17 2 0
chainmaker.org/chainmaker-go/module/core/common/committer.go:172.3,173.37 2 0
chainmaker.org/chainmaker-go/module/core/common/committer.go:165.21,166.12 1 0
chainmaker.org/chainmaker-go/module/core/common/committer.go:169.17,170.12 1 0
chainmaker.org/chainmaker-go/module/core/common/lock_helper.go:21.48,24.34 3 1
chainmaker.org/chainmaker-go/module/core/common/lock_helper.go:28.2,28.14 1 1
chainmaker.org/chainmaker-go/module/core/common/lock_helper.go:24.34,27.3 2 1
chainmaker.org/chainmaker-go/module/core/common/lock_helper.go:32.50,37.2 4 1
chainmaker.org/chainmaker-go/module/core/common/store_helper.go:25.54,27.2 1 1
chainmaker.org/chainmaker-go/module/core/common/store_helper.go:30.106,32.2 1 1
chainmaker.org/chainmaker-go/module/core/common/store_helper.go:35.102,36.2 0 0
chainmaker.org/chainmaker-go/module/core/common/store_helper.go:39.48,41.2 1 1
chainmaker.org/chainmaker-go/module/core/common/store_helper.go:49.56,51.2 1 1
chainmaker.org/chainmaker-go/module/core/common/store_helper.go:54.108,57.16 3 1
chainmaker.org/chainmaker-go/module/core/common/store_helper.go:61.2,61.81 1 1
chainmaker.org/chainmaker-go/module/core/common/store_helper.go:77.2,77.12 1 1
chainmaker.org/chainmaker-go/module/core/common/store_helper.go:57.16,59.3 1 1
chainmaker.org/chainmaker-go/module/core/common/store_helper.go:61.81,67.29 3 0
chainmaker.org/chainmaker-go/module/core/common/store_helper.go:67.29,72.68 1 0
chainmaker.org/chainmaker-go/module/core/common/store_helper.go:72.68,74.5 1 0
chainmaker.org/chainmaker-go/module/core/common/store_helper.go:81.103,84.2 1 1
chainmaker.org/chainmaker-go/module/core/common/store_helper.go:87.50,89.2 1 1
